#! /usr/local/iverilog/bin/vvp
:ivl_version "11.0 (devel)" "(s20150603-642-g3bdb50da)";
:ivl_delay_selection "TYPICAL";
:vpi_time_precision - 12;
:vpi_module "system";
:vpi_module "vhdl_sys";
:vpi_module "vhdl_textio";
:vpi_module "v2005_math";
:vpi_module "va_math";
S_0000000001006d20 .scope module, "Test" "Test" 2 3;
 .timescale -9 -12;
v00000000010bbb40_0 .net "check_status", 1 0, v00000000010bb370_0;  1 drivers
v00000000010bc220_0 .var "clk", 0 0;
v00000000010bbdc0_0 .var "rst_n", 0 0;
S_0000000001006690 .scope module, "uut" "crc32_check" 2 25, 2 33 0, S_0000000001006d20;
 .timescale -9 -12;
    .port_info 0 /INPUT 1 "clk";
    .port_info 1 /INPUT 1 "rst_n";
    .port_info 2 /OUTPUT 2 "check_status";
P_000000000002b8a0 .param/l "FAILED" 0 2 41, C4<11>;
P_000000000002b8d8 .param/l "INVALID" 0 2 38, C4<00>;
P_000000000002b910 .param/l "PASSED" 0 2 40, C4<10>;
P_000000000002b948 .param/l "RUNNING" 0 2 39, C4<01>;
v00000000010bb370_0 .var "check_status", 1 0;
v00000000010bb410_0 .net "clk", 0 0, v00000000010bc220_0;  1 drivers
v00000000010bb4b0 .array "data", 7 0, 31 0;
v00000000010bbaa0_0 .var "data_in", 31 0;
v00000000010bbd20_0 .var "data_in_valid", 0 0;
v00000000010bba00_0 .var/i "i", 31 0;
v00000000010bc180_0 .net "next_crc32", 31 0, v0000000000026b40_0;  1 drivers
v00000000010bc4a0_0 .net "rst_n", 0 0, v00000000010bbdc0_0;  1 drivers
S_0000000001006820 .scope module, "uut" "crc32_32" 2 76, 2 134 0, S_0000000001006690;
 .timescale -9 -12;
    .port_info 0 /INPUT 1 "clk";
    .port_info 1 /INPUT 1 "rst_n";
    .port_info 2 /INPUT 1 "data_in_valid";
    .port_info 3 /INPUT 32 "data_in";
    .port_info 4 /OUTPUT 32 "next_crc32";
L_0000000001003db0 .functor BUFZ 32, v00000000010bbaa0_0, C4<00000000000000000000000000000000>, C4<00000000000000000000000000000000>, C4<00000000000000000000000000000000>;
L_0000000000026c80 .functor BUFZ 32, v0000000000026b40_0, C4<00000000000000000000000000000000>, C4<00000000000000000000000000000000>, C4<00000000000000000000000000000000>;
v00000000010069b0_0 .net "c", 31 0, L_0000000000026c80;  1 drivers
v00000000000268c0_0 .net "clk", 0 0, v00000000010bc220_0;  alias, 1 drivers
v0000000000026960_0 .net "d", 31 0, L_0000000001003db0;  1 drivers
v0000000000026a00_0 .net "data_in", 31 0, v00000000010bbaa0_0;  1 drivers
v0000000000026aa0_0 .net "data_in_valid", 0 0, v00000000010bbd20_0;  1 drivers
v0000000000026b40_0 .var "next_crc32", 31 0;
v0000000000026be0_0 .net "rst_n", 0 0, v00000000010bbdc0_0;  alias, 1 drivers
E_00000000010d8a10 .event posedge, v00000000000268c0_0;
    .scope S_0000000001006820;
T_0 ;
    %wait E_00000000010d8a10;
    %load/vec4 v0000000000026be0_0;
    %nor/r;
    %flag_set/vec4 8;
    %jmp/0xz  T_0.0, 8;
    %pushi/vec4 4294967295, 0, 32;
    %store/vec4 v0000000000026b40_0, 0, 32;
    %jmp T_0.1;
T_0.0 ;
    %load/vec4 v0000000000026aa0_0;
    %flag_set/vec4 8;
    %jmp/0xz  T_0.2, 8;
    %load/vec4 v0000000000026960_0;
    %parti/s 1, 31, 6;
    %load/vec4 v0000000000026960_0;
    %parti/s 1, 30, 6;
    %xor;
    %load/vec4 v0000000000026960_0;
    %parti/s 1, 29, 6;
    %xor;
    %load/vec4 v0000000000026960_0;
    %parti/s 1, 28, 6;
    %xor;
    %load/vec4 v0000000000026960_0;
    %parti/s 1, 26, 6;
    %xor;
    %load/vec4 v0000000000026960_0;
    %parti/s 1, 25, 6;
    %xor;
    %load/vec4 v0000000000026960_0;
    %parti/s 1, 24, 6;
    %xor;
    %load/vec4 v0000000000026960_0;
    %parti/s 1, 16, 6;
    %xor;
    %load/vec4 v0000000000026960_0;
    %parti/s 1, 12, 5;
    %xor;
    %load/vec4 v0000000000026960_0;
    %parti/s 1, 10, 5;
    %xor;
    %load/vec4 v0000000000026960_0;
    %parti/s 1, 9, 5;
    %xor;
    %load/vec4 v0000000000026960_0;
    %parti/s 1, 6, 4;
    %xor;
    %load/vec4 v0000000000026960_0;
    %parti/s 1, 0, 2;
    %xor;
    %load/vec4 v00000000010069b0_0;
    %parti/s 1, 0, 2;
    %xor;
    %load/vec4 v00000000010069b0_0;
    %parti/s 1, 6, 4;
    %xor;
    %load/vec4 v00000000010069b0_0;
    %parti/s 1, 9, 5;
    %xor;
    %load/vec4 v00000000010069b0_0;
    %parti/s 1, 10, 5;
    %xor;
    %load/vec4 v00000000010069b0_0;
    %parti/s 1, 12, 5;
    %xor;
    %load/vec4 v00000000010069b0_0;
    %parti/s 1, 16, 6;
    %xor;
    %load/vec4 v00000000010069b0_0;
    %parti/s 1, 24, 6;
    %xor;
    %load/vec4 v00000000010069b0_0;
    %parti/s 1, 25, 6;
    %xor;
    %load/vec4 v00000000010069b0_0;
    %parti/s 1, 26, 6;
    %xor;
    %load/vec4 v00000000010069b0_0;
    %parti/s 1, 28, 6;
    %xor;
    %load/vec4 v00000000010069b0_0;
    %parti/s 1, 29, 6;
    %xor;
    %load/vec4 v00000000010069b0_0;
    %parti/s 1, 30, 6;
    %xor;
    %load/vec4 v00000000010069b0_0;
    %parti/s 1, 31, 6;
    %xor;
    %ix/load 4, 0, 0;
    %ix/load 5, 0, 0;
    %flag_set/imm 4, 0;
    %assign/vec4/off/d v0000000000026b40_0, 4, 5;
    %load/vec4 v0000000000026960_0;
    %parti/s 1, 28, 6;
    %load/vec4 v0000000000026960_0;
    %parti/s 1, 27, 6;
    %xor;
    %load/vec4 v0000000000026960_0;
    %parti/s 1, 24, 6;
    %xor;
    %load/vec4 v0000000000026960_0;
    %parti/s 1, 17, 6;
    %xor;
    %load/vec4 v0000000000026960_0;
    %parti/s 1, 16, 6;
    %xor;
    %load/vec4 v0000000000026960_0;
    %parti/s 1, 13, 5;
    %xor;
    %load/vec4 v0000000000026960_0;
    %parti/s 1, 12, 5;
    %xor;
    %load/vec4 v0000000000026960_0;
    %parti/s 1, 11, 5;
    %xor;
    %load/vec4 v0000000000026960_0;
    %parti/s 1, 9, 5;
    %xor;
    %load/vec4 v0000000000026960_0;
    %parti/s 1, 7, 4;
    %xor;
    %load/vec4 v0000000000026960_0;
    %parti/s 1, 6, 4;
    %xor;
    %load/vec4 v0000000000026960_0;
    %parti/s 1, 1, 2;
    %xor;
    %load/vec4 v0000000000026960_0;
    %parti/s 1, 0, 2;
    %xor;
    %load/vec4 v00000000010069b0_0;
    %parti/s 1, 0, 2;
    %xor;
    %load/vec4 v00000000010069b0_0;
    %parti/s 1, 1, 2;
    %xor;
    %load/vec4 v00000000010069b0_0;
    %parti/s 1, 6, 4;
    %xor;
    %load/vec4 v00000000010069b0_0;
    %parti/s 1, 7, 4;
    %xor;
    %load/vec4 v00000000010069b0_0;
    %parti/s 1, 9, 5;
    %xor;
    %load/vec4 v00000000010069b0_0;
    %parti/s 1, 11, 5;
    %xor;
    %load/vec4 v00000000010069b0_0;
    %parti/s 1, 12, 5;
    %xor;
    %load/vec4 v00000000010069b0_0;
    %parti/s 1, 13, 5;
    %xor;
    %load/vec4 v00000000010069b0_0;
    %parti/s 1, 16, 6;
    %xor;
    %load/vec4 v00000000010069b0_0;
    %parti/s 1, 17, 6;
    %xor;
    %load/vec4 v00000000010069b0_0;
    %parti/s 1, 24, 6;
    %xor;
    %load/vec4 v00000000010069b0_0;
    %parti/s 1, 27, 6;
    %xor;
    %load/vec4 v00000000010069b0_0;
    %parti/s 1, 28, 6;
    %xor;
    %ix/load 4, 1, 0;
    %ix/load 5, 0, 0;
    %flag_set/imm 4, 0;
    %assign/vec4/off/d v0000000000026b40_0, 4, 5;
    %load/vec4 v0000000000026960_0;
    %parti/s 1, 31, 6;
    %load/vec4 v0000000000026960_0;
    %parti/s 1, 30, 6;
    %xor;
    %load/vec4 v0000000000026960_0;
    %parti/s 1, 26, 6;
    %xor;
    %load/vec4 v0000000000026960_0;
    %parti/s 1, 24, 6;
    %xor;
    %load/vec4 v0000000000026960_0;
    %parti/s 1, 18, 6;
    %xor;
    %load/vec4 v0000000000026960_0;
    %parti/s 1, 17, 6;
    %xor;
    %load/vec4 v0000000000026960_0;
    %parti/s 1, 16, 6;
    %xor;
    %load/vec4 v0000000000026960_0;
    %parti/s 1, 14, 5;
    %xor;
    %load/vec4 v0000000000026960_0;
    %parti/s 1, 13, 5;
    %xor;
    %load/vec4 v0000000000026960_0;
    %parti/s 1, 9, 5;
    %xor;
    %load/vec4 v0000000000026960_0;
    %parti/s 1, 8, 5;
    %xor;
    %load/vec4 v0000000000026960_0;
    %parti/s 1, 7, 4;
    %xor;
    %load/vec4 v0000000000026960_0;
    %parti/s 1, 6, 4;
    %xor;
    %load/vec4 v0000000000026960_0;
    %parti/s 1, 2, 3;
    %xor;
    %load/vec4 v0000000000026960_0;
    %parti/s 1, 1, 2;
    %xor;
    %load/vec4 v0000000000026960_0;
    %parti/s 1, 0, 2;
    %xor;
    %load/vec4 v00000000010069b0_0;
    %parti/s 1, 0, 2;
    %xor;
    %load/vec4 v00000000010069b0_0;
    %parti/s 1, 1, 2;
    %xor;
    %load/vec4 v00000000010069b0_0;
    %parti/s 1, 2, 3;
    %xor;
    %load/vec4 v00000000010069b0_0;
    %parti/s 1, 6, 4;
    %xor;
    %load/vec4 v00000000010069b0_0;
    %parti/s 1, 7, 4;
    %xor;
    %load/vec4 v00000000010069b0_0;
    %parti/s 1, 8, 5;
    %xor;
    %load/vec4 v00000000010069b0_0;
    %parti/s 1, 9, 5;
    %xor;
    %load/vec4 v00000000010069b0_0;
    %parti/s 1, 13, 5;
    %xor;
    %load/vec4 v00000000010069b0_0;
    %parti/s 1, 14, 5;
    %xor;
    %load/vec4 v00000000010069b0_0;
    %parti/s 1, 16, 6;
    %xor;
    %load/vec4 v00000000010069b0_0;
    %parti/s 1, 17, 6;
    %xor;
    %load/vec4 v00000000010069b0_0;
    %parti/s 1, 18, 6;
    %xor;
    %load/vec4 v00000000010069b0_0;
    %parti/s 1, 24, 6;
    %xor;
    %load/vec4 v00000000010069b0_0;
    %parti/s 1, 26, 6;
    %xor;
    %load/vec4 v00000000010069b0_0;
    %parti/s 1, 30, 6;
    %xor;
    %load/vec4 v00000000010069b0_0;
    %parti/s 1, 31, 6;
    %xor;
    %ix/load 4, 2, 0;
    %ix/load 5, 0, 0;
    %flag_set/imm 4, 0;
    %assign/vec4/off/d v0000000000026b40_0, 4, 5;
    %load/vec4 v0000000000026960_0;
    %parti/s 1, 31, 6;
    %load/vec4 v0000000000026960_0;
    %parti/s 1, 27, 6;
    %xor;
    %load/vec4 v0000000000026960_0;
    %parti/s 1, 25, 6;
    %xor;
    %load/vec4 v0000000000026960_0;
    %parti/s 1, 19, 6;
    %xor;
    %load/vec4 v0000000000026960_0;
    %parti/s 1, 18, 6;
    %xor;
    %load/vec4 v0000000000026960_0;
    %parti/s 1, 17, 6;
    %xor;
    %load/vec4 v0000000000026960_0;
    %parti/s 1, 15, 5;
    %xor;
    %load/vec4 v0000000000026960_0;
    %parti/s 1, 14, 5;
    %xor;
    %load/vec4 v0000000000026960_0;
    %parti/s 1, 10, 5;
    %xor;
    %load/vec4 v0000000000026960_0;
    %parti/s 1, 9, 5;
    %xor;
    %load/vec4 v0000000000026960_0;
    %parti/s 1, 8, 5;
    %xor;
    %load/vec4 v0000000000026960_0;
    %parti/s 1, 7, 4;
    %xor;
    %load/vec4 v0000000000026960_0;
    %parti/s 1, 3, 3;
    %xor;
    %load/vec4 v0000000000026960_0;
    %parti/s 1, 2, 3;
    %xor;
    %load/vec4 v0000000000026960_0;
    %parti/s 1, 1, 2;
    %xor;
    %load/vec4 v00000000010069b0_0;
    %parti/s 1, 1, 2;
    %xor;
    %load/vec4 v00000000010069b0_0;
    %parti/s 1, 2, 3;
    %xor;
    %load/vec4 v00000000010069b0_0;
    %parti/s 1, 3, 3;
    %xor;
    %load/vec4 v00000000010069b0_0;
    %parti/s 1, 7, 4;
    %xor;
    %load/vec4 v00000000010069b0_0;
    %parti/s 1, 8, 5;
    %xor;
    %load/vec4 v00000000010069b0_0;
    %parti/s 1, 9, 5;
    %xor;
    %load/vec4 v00000000010069b0_0;
    %parti/s 1, 10, 5;
    %xor;
    %load/vec4 v00000000010069b0_0;
    %parti/s 1, 14, 5;
    %xor;
    %load/vec4 v00000000010069b0_0;
    %parti/s 1, 15, 5;
    %xor;
    %load/vec4 v00000000010069b0_0;
    %parti/s 1, 17, 6;
    %xor;
    %load/vec4 v00000000010069b0_0;
    %parti/s 1, 18, 6;
    %xor;
    %load/vec4 v00000000010069b0_0;
    %parti/s 1, 19, 6;
    %xor;
    %load/vec4 v00000000010069b0_0;
    %parti/s 1, 25, 6;
    %xor;
    %load/vec4 v00000000010069b0_0;
    %parti/s 1, 27, 6;
    %xor;
    %load/vec4 v00000000010069b0_0;
    %parti/s 1, 31, 6;
    %xor;
    %ix/load 4, 3, 0;
    %ix/load 5, 0, 0;
    %flag_set/imm 4, 0;
    %assign/vec4/off/d v0000000000026b40_0, 4, 5;
    %load/vec4 v0000000000026960_0;
    %parti/s 1, 31, 6;
    %load/vec4 v0000000000026960_0;
    %parti/s 1, 30, 6;
    %xor;
    %load/vec4 v0000000000026960_0;
    %parti/s 1, 29, 6;
    %xor;
    %load/vec4 v0000000000026960_0;
    %parti/s 1, 25, 6;
    %xor;
    %load/vec4 v0000000000026960_0;
    %parti/s 1, 24, 6;
    %xor;
    %load/vec4 v0000000000026960_0;
    %parti/s 1, 20, 6;
    %xor;
    %load/vec4 v0000000000026960_0;
    %parti/s 1, 19, 6;
    %xor;
    %load/vec4 v0000000000026960_0;
    %parti/s 1, 18, 6;
    %xor;
    %load/vec4 v0000000000026960_0;
    %parti/s 1, 15, 5;
    %xor;
    %load/vec4 v0000000000026960_0;
    %parti/s 1, 12, 5;
    %xor;
    %load/vec4 v0000000000026960_0;
    %parti/s 1, 11, 5;
    %xor;
    %load/vec4 v0000000000026960_0;
    %parti/s 1, 8, 5;
    %xor;
    %load/vec4 v0000000000026960_0;
    %parti/s 1, 6, 4;
    %xor;
    %load/vec4 v0000000000026960_0;
    %parti/s 1, 4, 4;
    %xor;
    %load/vec4 v0000000000026960_0;
    %parti/s 1, 3, 3;
    %xor;
    %load/vec4 v0000000000026960_0;
    %parti/s 1, 2, 3;
    %xor;
    %load/vec4 v0000000000026960_0;
    %parti/s 1, 0, 2;
    %xor;
    %load/vec4 v00000000010069b0_0;
    %parti/s 1, 0, 2;
    %xor;
    %load/vec4 v00000000010069b0_0;
    %parti/s 1, 2, 3;
    %xor;
    %load/vec4 v00000000010069b0_0;
    %parti/s 1, 3, 3;
    %xor;
    %load/vec4 v00000000010069b0_0;
    %parti/s 1, 4, 4;
    %xor;
    %load/vec4 v00000000010069b0_0;
    %parti/s 1, 6, 4;
    %xor;
    %load/vec4 v00000000010069b0_0;
    %parti/s 1, 8, 5;
    %xor;
    %load/vec4 v00000000010069b0_0;
    %parti/s 1, 11, 5;
    %xor;
    %load/vec4 v00000000010069b0_0;
    %parti/s 1, 12, 5;
    %xor;
    %load/vec4 v00000000010069b0_0;
    %parti/s 1, 15, 5;
    %xor;
    %load/vec4 v00000000010069b0_0;
    %parti/s 1, 18, 6;
    %xor;
    %load/vec4 v00000000010069b0_0;
    %parti/s 1, 19, 6;
    %xor;
    %load/vec4 v00000000010069b0_0;
    %parti/s 1, 20, 6;
    %xor;
    %load/vec4 v00000000010069b0_0;
    %parti/s 1, 24, 6;
    %xor;
    %load/vec4 v00000000010069b0_0;
    %parti/s 1, 25, 6;
    %xor;
    %load/vec4 v00000000010069b0_0;
    %parti/s 1, 29, 6;
    %xor;
    %load/vec4 v00000000010069b0_0;
    %parti/s 1, 30, 6;
    %xor;
    %load/vec4 v00000000010069b0_0;
    %parti/s 1, 31, 6;
    %xor;
    %ix/load 4, 4, 0;
    %ix/load 5, 0, 0;
    %flag_set/imm 4, 0;
    %assign/vec4/off/d v0000000000026b40_0, 4, 5;
    %load/vec4 v0000000000026960_0;
    %parti/s 1, 29, 6;
    %load/vec4 v0000000000026960_0;
    %parti/s 1, 28, 6;
    %xor;
    %load/vec4 v0000000000026960_0;
    %parti/s 1, 24, 6;
    %xor;
    %load/vec4 v0000000000026960_0;
    %parti/s 1, 21, 6;
    %xor;
    %load/vec4 v0000000000026960_0;
    %parti/s 1, 20, 6;
    %xor;
    %load/vec4 v0000000000026960_0;
    %parti/s 1, 19, 6;
    %xor;
    %load/vec4 v0000000000026960_0;
    %parti/s 1, 13, 5;
    %xor;
    %load/vec4 v0000000000026960_0;
    %parti/s 1, 10, 5;
    %xor;
    %load/vec4 v0000000000026960_0;
    %parti/s 1, 7, 4;
    %xor;
    %load/vec4 v0000000000026960_0;
    %parti/s 1, 6, 4;
    %xor;
    %load/vec4 v0000000000026960_0;
    %parti/s 1, 5, 4;
    %xor;
    %load/vec4 v0000000000026960_0;
    %parti/s 1, 4, 4;
    %xor;
    %load/vec4 v0000000000026960_0;
    %parti/s 1, 3, 3;
    %xor;
    %load/vec4 v0000000000026960_0;
    %parti/s 1, 1, 2;
    %xor;
    %load/vec4 v0000000000026960_0;
    %parti/s 1, 0, 2;
    %xor;
    %load/vec4 v00000000010069b0_0;
    %parti/s 1, 0, 2;
    %xor;
    %load/vec4 v00000000010069b0_0;
    %parti/s 1, 1, 2;
    %xor;
    %load/vec4 v00000000010069b0_0;
    %parti/s 1, 3, 3;
    %xor;
    %load/vec4 v00000000010069b0_0;
    %parti/s 1, 4, 4;
    %xor;
    %load/vec4 v00000000010069b0_0;
    %parti/s 1, 5, 4;
    %xor;
    %load/vec4 v00000000010069b0_0;
    %parti/s 1, 6, 4;
    %xor;
    %load/vec4 v00000000010069b0_0;
    %parti/s 1, 7, 4;
    %xor;
    %load/vec4 v00000000010069b0_0;
    %parti/s 1, 10, 5;
    %xor;
    %load/vec4 v00000000010069b0_0;
    %parti/s 1, 13, 5;
    %xor;
    %load/vec4 v00000000010069b0_0;
    %parti/s 1, 19, 6;
    %xor;
    %load/vec4 v00000000010069b0_0;
    %parti/s 1, 20, 6;
    %xor;
    %load/vec4 v00000000010069b0_0;
    %parti/s 1, 21, 6;
    %xor;
    %load/vec4 v00000000010069b0_0;
    %parti/s 1, 24, 6;
    %xor;
    %load/vec4 v00000000010069b0_0;
    %parti/s 1, 28, 6;
    %xor;
    %load/vec4 v00000000010069b0_0;
    %parti/s 1, 29, 6;
    %xor;
    %ix/load 4, 5, 0;
    %ix/load 5, 0, 0;
    %flag_set/imm 4, 0;
    %assign/vec4/off/d v0000000000026b40_0, 4, 5;
    %load/vec4 v0000000000026960_0;
    %parti/s 1, 30, 6;
    %load/vec4 v0000000000026960_0;
    %parti/s 1, 29, 6;
    %xor;
    %load/vec4 v0000000000026960_0;
    %parti/s 1, 25, 6;
    %xor;
    %load/vec4 v0000000000026960_0;
    %parti/s 1, 22, 6;
    %xor;
    %load/vec4 v0000000000026960_0;
    %parti/s 1, 21, 6;
    %xor;
    %load/vec4 v0000000000026960_0;
    %parti/s 1, 20, 6;
    %xor;
    %load/vec4 v0000000000026960_0;
    %parti/s 1, 14, 5;
    %xor;
    %load/vec4 v0000000000026960_0;
    %parti/s 1, 11, 5;
    %xor;
    %load/vec4 v0000000000026960_0;
    %parti/s 1, 8, 5;
    %xor;
    %load/vec4 v0000000000026960_0;
    %parti/s 1, 7, 4;
    %xor;
    %load/vec4 v0000000000026960_0;
    %parti/s 1, 6, 4;
    %xor;
    %load/vec4 v0000000000026960_0;
    %parti/s 1, 5, 4;
    %xor;
    %load/vec4 v0000000000026960_0;
    %parti/s 1, 4, 4;
    %xor;
    %load/vec4 v0000000000026960_0;
    %parti/s 1, 2, 3;
    %xor;
    %load/vec4 v0000000000026960_0;
    %parti/s 1, 1, 2;
    %xor;
    %load/vec4 v00000000010069b0_0;
    %parti/s 1, 1, 2;
    %xor;
    %load/vec4 v00000000010069b0_0;
    %parti/s 1, 2, 3;
    %xor;
    %load/vec4 v00000000010069b0_0;
    %parti/s 1, 4, 4;
    %xor;
    %load/vec4 v00000000010069b0_0;
    %parti/s 1, 5, 4;
    %xor;
    %load/vec4 v00000000010069b0_0;
    %parti/s 1, 6, 4;
    %xor;
    %load/vec4 v00000000010069b0_0;
    %parti/s 1, 7, 4;
    %xor;
    %load/vec4 v00000000010069b0_0;
    %parti/s 1, 8, 5;
    %xor;
    %load/vec4 v00000000010069b0_0;
    %parti/s 1, 11, 5;
    %xor;
    %load/vec4 v00000000010069b0_0;
    %parti/s 1, 14, 5;
    %xor;
    %load/vec4 v00000000010069b0_0;
    %parti/s 1, 20, 6;
    %xor;
    %load/vec4 v00000000010069b0_0;
    %parti/s 1, 21, 6;
    %xor;
    %load/vec4 v00000000010069b0_0;
    %parti/s 1, 22, 6;
    %xor;
    %load/vec4 v00000000010069b0_0;
    %parti/s 1, 25, 6;
    %xor;
    %load/vec4 v00000000010069b0_0;
    %parti/s 1, 29, 6;
    %xor;
    %load/vec4 v00000000010069b0_0;
    %parti/s 1, 30, 6;
    %xor;
    %ix/load 4, 6, 0;
    %ix/load 5, 0, 0;
    %flag_set/imm 4, 0;
    %assign/vec4/off/d v0000000000026b40_0, 4, 5;
    %load/vec4 v0000000000026960_0;
    %parti/s 1, 29, 6;
    %load/vec4 v0000000000026960_0;
    %parti/s 1, 28, 6;
    %xor;
    %load/vec4 v0000000000026960_0;
    %parti/s 1, 25, 6;
    %xor;
    %load/vec4 v0000000000026960_0;
    %parti/s 1, 24, 6;
    %xor;
    %load/vec4 v0000000000026960_0;
    %parti/s 1, 23, 6;
    %xor;
    %load/vec4 v0000000000026960_0;
    %parti/s 1, 22, 6;
    %xor;
    %load/vec4 v0000000000026960_0;
    %parti/s 1, 21, 6;
    %xor;
    %load/vec4 v0000000000026960_0;
    %parti/s 1, 16, 6;
    %xor;
    %load/vec4 v0000000000026960_0;
    %parti/s 1, 15, 5;
    %xor;
    %load/vec4 v0000000000026960_0;
    %parti/s 1, 10, 5;
    %xor;
    %load/vec4 v0000000000026960_0;
    %parti/s 1, 8, 5;
    %xor;
    %load/vec4 v0000000000026960_0;
    %parti/s 1, 7, 4;
    %xor;
    %load/vec4 v0000000000026960_0;
    %parti/s 1, 5, 4;
    %xor;
    %load/vec4 v0000000000026960_0;
    %parti/s 1, 3, 3;
    %xor;
    %load/vec4 v0000000000026960_0;
    %parti/s 1, 2, 3;
    %xor;
    %load/vec4 v0000000000026960_0;
    %parti/s 1, 0, 2;
    %xor;
    %load/vec4 v00000000010069b0_0;
    %parti/s 1, 0, 2;
    %xor;
    %load/vec4 v00000000010069b0_0;
    %parti/s 1, 2, 3;
    %xor;
    %load/vec4 v00000000010069b0_0;
    %parti/s 1, 3, 3;
    %xor;
    %load/vec4 v00000000010069b0_0;
    %parti/s 1, 5, 4;
    %xor;
    %load/vec4 v00000000010069b0_0;
    %parti/s 1, 7, 4;
    %xor;
    %load/vec4 v00000000010069b0_0;
    %parti/s 1, 8, 5;
    %xor;
    %load/vec4 v00000000010069b0_0;
    %parti/s 1, 10, 5;
    %xor;
    %load/vec4 v00000000010069b0_0;
    %parti/s 1, 15, 5;
    %xor;
    %load/vec4 v00000000010069b0_0;
    %parti/s 1, 16, 6;
    %xor;
    %load/vec4 v00000000010069b0_0;
    %parti/s 1, 21, 6;
    %xor;
    %load/vec4 v00000000010069b0_0;
    %parti/s 1, 22, 6;
    %xor;
    %load/vec4 v00000000010069b0_0;
    %parti/s 1, 23, 6;
    %xor;
    %load/vec4 v00000000010069b0_0;
    %parti/s 1, 24, 6;
    %xor;
    %load/vec4 v00000000010069b0_0;
    %parti/s 1, 25, 6;
    %xor;
    %load/vec4 v00000000010069b0_0;
    %parti/s 1, 28, 6;
    %xor;
    %load/vec4 v00000000010069b0_0;
    %parti/s 1, 29, 6;
    %xor;
    %ix/load 4, 7, 0;
    %ix/load 5, 0, 0;
    %flag_set/imm 4, 0;
    %assign/vec4/off/d v0000000000026b40_0, 4, 5;
    %load/vec4 v0000000000026960_0;
    %parti/s 1, 31, 6;
    %load/vec4 v0000000000026960_0;
    %parti/s 1, 28, 6;
    %xor;
    %load/vec4 v0000000000026960_0;
    %parti/s 1, 23, 6;
    %xor;
    %load/vec4 v0000000000026960_0;
    %parti/s 1, 22, 6;
    %xor;
    %load/vec4 v0000000000026960_0;
    %parti/s 1, 17, 6;
    %xor;
    %load/vec4 v0000000000026960_0;
    %parti/s 1, 12, 5;
    %xor;
    %load/vec4 v0000000000026960_0;
    %parti/s 1, 11, 5;
    %xor;
    %load/vec4 v0000000000026960_0;
    %parti/s 1, 10, 5;
    %xor;
    %load/vec4 v0000000000026960_0;
    %parti/s 1, 8, 5;
    %xor;
    %load/vec4 v0000000000026960_0;
    %parti/s 1, 4, 4;
    %xor;
    %load/vec4 v0000000000026960_0;
    %parti/s 1, 3, 3;
    %xor;
    %load/vec4 v0000000000026960_0;
    %parti/s 1, 1, 2;
    %xor;
    %load/vec4 v0000000000026960_0;
    %parti/s 1, 0, 2;
    %xor;
    %load/vec4 v00000000010069b0_0;
    %parti/s 1, 0, 2;
    %xor;
    %load/vec4 v00000000010069b0_0;
    %parti/s 1, 1, 2;
    %xor;
    %load/vec4 v00000000010069b0_0;
    %parti/s 1, 3, 3;
    %xor;
    %load/vec4 v00000000010069b0_0;
    %parti/s 1, 4, 4;
    %xor;
    %load/vec4 v00000000010069b0_0;
    %parti/s 1, 8, 5;
    %xor;
    %load/vec4 v00000000010069b0_0;
    %parti/s 1, 10, 5;
    %xor;
    %load/vec4 v00000000010069b0_0;
    %parti/s 1, 11, 5;
    %xor;
    %load/vec4 v00000000010069b0_0;
    %parti/s 1, 12, 5;
    %xor;
    %load/vec4 v00000000010069b0_0;
    %parti/s 1, 17, 6;
    %xor;
    %load/vec4 v00000000010069b0_0;
    %parti/s 1, 22, 6;
    %xor;
    %load/vec4 v00000000010069b0_0;
    %parti/s 1, 23, 6;
    %xor;
    %load/vec4 v00000000010069b0_0;
    %parti/s 1, 28, 6;
    %xor;
    %load/vec4 v00000000010069b0_0;
    %parti/s 1, 31, 6;
    %xor;
    %ix/load 4, 8, 0;
    %ix/load 5, 0, 0;
    %flag_set/imm 4, 0;
    %assign/vec4/off/d v0000000000026b40_0, 4, 5;
    %load/vec4 v0000000000026960_0;
    %parti/s 1, 29, 6;
    %load/vec4 v0000000000026960_0;
    %parti/s 1, 24, 6;
    %xor;
    %load/vec4 v0000000000026960_0;
    %parti/s 1, 23, 6;
    %xor;
    %load/vec4 v0000000000026960_0;
    %parti/s 1, 18, 6;
    %xor;
    %load/vec4 v0000000000026960_0;
    %parti/s 1, 13, 5;
    %xor;
    %load/vec4 v0000000000026960_0;
    %parti/s 1, 12, 5;
    %xor;
    %load/vec4 v0000000000026960_0;
    %parti/s 1, 11, 5;
    %xor;
    %load/vec4 v0000000000026960_0;
    %parti/s 1, 9, 5;
    %xor;
    %load/vec4 v0000000000026960_0;
    %parti/s 1, 5, 4;
    %xor;
    %load/vec4 v0000000000026960_0;
    %parti/s 1, 4, 4;
    %xor;
    %load/vec4 v0000000000026960_0;
    %parti/s 1, 2, 3;
    %xor;
    %load/vec4 v0000000000026960_0;
    %parti/s 1, 1, 2;
    %xor;
    %load/vec4 v00000000010069b0_0;
    %parti/s 1, 1, 2;
    %xor;
    %load/vec4 v00000000010069b0_0;
    %parti/s 1, 2, 3;
    %xor;
    %load/vec4 v00000000010069b0_0;
    %parti/s 1, 4, 4;
    %xor;
    %load/vec4 v00000000010069b0_0;
    %parti/s 1, 5, 4;
    %xor;
    %load/vec4 v00000000010069b0_0;
    %parti/s 1, 9, 5;
    %xor;
    %load/vec4 v00000000010069b0_0;
    %parti/s 1, 11, 5;
    %xor;
    %load/vec4 v00000000010069b0_0;
    %parti/s 1, 12, 5;
    %xor;
    %load/vec4 v00000000010069b0_0;
    %parti/s 1, 13, 5;
    %xor;
    %load/vec4 v00000000010069b0_0;
    %parti/s 1, 18, 6;
    %xor;
    %load/vec4 v00000000010069b0_0;
    %parti/s 1, 23, 6;
    %xor;
    %load/vec4 v00000000010069b0_0;
    %parti/s 1, 24, 6;
    %xor;
    %load/vec4 v00000000010069b0_0;
    %parti/s 1, 29, 6;
    %xor;
    %ix/load 4, 9, 0;
    %ix/load 5, 0, 0;
    %flag_set/imm 4, 0;
    %assign/vec4/off/d v0000000000026b40_0, 4, 5;
    %load/vec4 v0000000000026960_0;
    %parti/s 1, 31, 6;
    %load/vec4 v0000000000026960_0;
    %parti/s 1, 29, 6;
    %xor;
    %load/vec4 v0000000000026960_0;
    %parti/s 1, 28, 6;
    %xor;
    %load/vec4 v0000000000026960_0;
    %parti/s 1, 26, 6;
    %xor;
    %load/vec4 v0000000000026960_0;
    %parti/s 1, 19, 6;
    %xor;
    %load/vec4 v0000000000026960_0;
    %parti/s 1, 16, 6;
    %xor;
    %load/vec4 v0000000000026960_0;
    %parti/s 1, 14, 5;
    %xor;
    %load/vec4 v0000000000026960_0;
    %parti/s 1, 13, 5;
    %xor;
    %load/vec4 v0000000000026960_0;
    %parti/s 1, 9, 5;
    %xor;
    %load/vec4 v0000000000026960_0;
    %parti/s 1, 5, 4;
    %xor;
    %load/vec4 v0000000000026960_0;
    %parti/s 1, 3, 3;
    %xor;
    %load/vec4 v0000000000026960_0;
    %parti/s 1, 2, 3;
    %xor;
    %load/vec4 v0000000000026960_0;
    %parti/s 1, 0, 2;
    %xor;
    %load/vec4 v00000000010069b0_0;
    %parti/s 1, 0, 2;
    %xor;
    %load/vec4 v00000000010069b0_0;
    %parti/s 1, 2, 3;
    %xor;
    %load/vec4 v00000000010069b0_0;
    %parti/s 1, 3, 3;
    %xor;
    %load/vec4 v00000000010069b0_0;
    %parti/s 1, 5, 4;
    %xor;
    %load/vec4 v00000000010069b0_0;
    %parti/s 1, 9, 5;
    %xor;
    %load/vec4 v00000000010069b0_0;
    %parti/s 1, 13, 5;
    %xor;
    %load/vec4 v00000000010069b0_0;
    %parti/s 1, 14, 5;
    %xor;
    %load/vec4 v00000000010069b0_0;
    %parti/s 1, 16, 6;
    %xor;
    %load/vec4 v00000000010069b0_0;
    %parti/s 1, 19, 6;
    %xor;
    %load/vec4 v00000000010069b0_0;
    %parti/s 1, 26, 6;
    %xor;
    %load/vec4 v00000000010069b0_0;
    %parti/s 1, 28, 6;
    %xor;
    %load/vec4 v00000000010069b0_0;
    %parti/s 1, 29, 6;
    %xor;
    %load/vec4 v00000000010069b0_0;
    %parti/s 1, 31, 6;
    %xor;
    %ix/load 4, 10, 0;
    %ix/load 5, 0, 0;
    %flag_set/imm 4, 0;
    %assign/vec4/off/d v0000000000026b40_0, 4, 5;
    %load/vec4 v0000000000026960_0;
    %parti/s 1, 31, 6;
    %load/vec4 v0000000000026960_0;
    %parti/s 1, 28, 6;
    %xor;
    %load/vec4 v0000000000026960_0;
    %parti/s 1, 27, 6;
    %xor;
    %load/vec4 v0000000000026960_0;
    %parti/s 1, 26, 6;
    %xor;
    %load/vec4 v0000000000026960_0;
    %parti/s 1, 25, 6;
    %xor;
    %load/vec4 v0000000000026960_0;
    %parti/s 1, 24, 6;
    %xor;
    %load/vec4 v0000000000026960_0;
    %parti/s 1, 20, 6;
    %xor;
    %load/vec4 v0000000000026960_0;
    %parti/s 1, 17, 6;
    %xor;
    %load/vec4 v0000000000026960_0;
    %parti/s 1, 16, 6;
    %xor;
    %load/vec4 v0000000000026960_0;
    %parti/s 1, 15, 5;
    %xor;
    %load/vec4 v0000000000026960_0;
    %parti/s 1, 14, 5;
    %xor;
    %load/vec4 v0000000000026960_0;
    %parti/s 1, 12, 5;
    %xor;
    %load/vec4 v0000000000026960_0;
    %parti/s 1, 9, 5;
    %xor;
    %load/vec4 v0000000000026960_0;
    %parti/s 1, 4, 4;
    %xor;
    %load/vec4 v0000000000026960_0;
    %parti/s 1, 3, 3;
    %xor;
    %load/vec4 v0000000000026960_0;
    %parti/s 1, 1, 2;
    %xor;
    %load/vec4 v0000000000026960_0;
    %parti/s 1, 0, 2;
    %xor;
    %load/vec4 v00000000010069b0_0;
    %parti/s 1, 0, 2;
    %xor;
    %load/vec4 v00000000010069b0_0;
    %parti/s 1, 1, 2;
    %xor;
    %load/vec4 v00000000010069b0_0;
    %parti/s 1, 3, 3;
    %xor;
    %load/vec4 v00000000010069b0_0;
    %parti/s 1, 4, 4;
    %xor;
    %load/vec4 v00000000010069b0_0;
    %parti/s 1, 9, 5;
    %xor;
    %load/vec4 v00000000010069b0_0;
    %parti/s 1, 12, 5;
    %xor;
    %load/vec4 v00000000010069b0_0;
    %parti/s 1, 14, 5;
    %xor;
    %load/vec4 v00000000010069b0_0;
    %parti/s 1, 15, 5;
    %xor;
    %load/vec4 v00000000010069b0_0;
    %parti/s 1, 16, 6;
    %xor;
    %load/vec4 v00000000010069b0_0;
    %parti/s 1, 17, 6;
    %xor;
    %load/vec4 v00000000010069b0_0;
    %parti/s 1, 20, 6;
    %xor;
    %load/vec4 v00000000010069b0_0;
    %parti/s 1, 24, 6;
    %xor;
    %load/vec4 v00000000010069b0_0;
    %parti/s 1, 25, 6;
    %xor;
    %load/vec4 v00000000010069b0_0;
    %parti/s 1, 26, 6;
    %xor;
    %load/vec4 v00000000010069b0_0;
    %parti/s 1, 27, 6;
    %xor;
    %load/vec4 v00000000010069b0_0;
    %parti/s 1, 28, 6;
    %xor;
    %load/vec4 v00000000010069b0_0;
    %parti/s 1, 31, 6;
    %xor;
    %ix/load 4, 11, 0;
    %ix/load 5, 0, 0;
    %flag_set/imm 4, 0;
    %assign/vec4/off/d v0000000000026b40_0, 4, 5;
    %load/vec4 v0000000000026960_0;
    %parti/s 1, 31, 6;
    %load/vec4 v0000000000026960_0;
    %parti/s 1, 30, 6;
    %xor;
    %load/vec4 v0000000000026960_0;
    %parti/s 1, 27, 6;
    %xor;
    %load/vec4 v0000000000026960_0;
    %parti/s 1, 24, 6;
    %xor;
    %load/vec4 v0000000000026960_0;
    %parti/s 1, 21, 6;
    %xor;
    %load/vec4 v0000000000026960_0;
    %parti/s 1, 18, 6;
    %xor;
    %load/vec4 v0000000000026960_0;
    %parti/s 1, 17, 6;
    %xor;
    %load/vec4 v0000000000026960_0;
    %parti/s 1, 15, 5;
    %xor;
    %load/vec4 v0000000000026960_0;
    %parti/s 1, 13, 5;
    %xor;
    %load/vec4 v0000000000026960_0;
    %parti/s 1, 12, 5;
    %xor;
    %load/vec4 v0000000000026960_0;
    %parti/s 1, 9, 5;
    %xor;
    %load/vec4 v0000000000026960_0;
    %parti/s 1, 6, 4;
    %xor;
    %load/vec4 v0000000000026960_0;
    %parti/s 1, 5, 4;
    %xor;
    %load/vec4 v0000000000026960_0;
    %parti/s 1, 4, 4;
    %xor;
    %load/vec4 v0000000000026960_0;
    %parti/s 1, 2, 3;
    %xor;
    %load/vec4 v0000000000026960_0;
    %parti/s 1, 1, 2;
    %xor;
    %load/vec4 v0000000000026960_0;
    %parti/s 1, 0, 2;
    %xor;
    %load/vec4 v00000000010069b0_0;
    %parti/s 1, 0, 2;
    %xor;
    %load/vec4 v00000000010069b0_0;
    %parti/s 1, 1, 2;
    %xor;
    %load/vec4 v00000000010069b0_0;
    %parti/s 1, 2, 3;
    %xor;
    %load/vec4 v00000000010069b0_0;
    %parti/s 1, 4, 4;
    %xor;
    %load/vec4 v00000000010069b0_0;
    %parti/s 1, 5, 4;
    %xor;
    %load/vec4 v00000000010069b0_0;
    %parti/s 1, 6, 4;
    %xor;
    %load/vec4 v00000000010069b0_0;
    %parti/s 1, 9, 5;
    %xor;
    %load/vec4 v00000000010069b0_0;
    %parti/s 1, 12, 5;
    %xor;
    %load/vec4 v00000000010069b0_0;
    %parti/s 1, 13, 5;
    %xor;
    %load/vec4 v00000000010069b0_0;
    %parti/s 1, 15, 5;
    %xor;
    %load/vec4 v00000000010069b0_0;
    %parti/s 1, 17, 6;
    %xor;
    %load/vec4 v00000000010069b0_0;
    %parti/s 1, 18, 6;
    %xor;
    %load/vec4 v00000000010069b0_0;
    %parti/s 1, 21, 6;
    %xor;
    %load/vec4 v00000000010069b0_0;
    %parti/s 1, 24, 6;
    %xor;
    %load/vec4 v00000000010069b0_0;
    %parti/s 1, 27, 6;
    %xor;
    %load/vec4 v00000000010069b0_0;
    %parti/s 1, 30, 6;
    %xor;
    %load/vec4 v00000000010069b0_0;
    %parti/s 1, 31, 6;
    %xor;
    %ix/load 4, 12, 0;
    %ix/load 5, 0, 0;
    %flag_set/imm 4, 0;
    %assign/vec4/off/d v0000000000026b40_0, 4, 5;
    %load/vec4 v0000000000026960_0;
    %parti/s 1, 31, 6;
    %load/vec4 v0000000000026960_0;
    %parti/s 1, 28, 6;
    %xor;
    %load/vec4 v0000000000026960_0;
    %parti/s 1, 25, 6;
    %xor;
    %load/vec4 v0000000000026960_0;
    %parti/s 1, 22, 6;
    %xor;
    %load/vec4 v0000000000026960_0;
    %parti/s 1, 19, 6;
    %xor;
    %load/vec4 v0000000000026960_0;
    %parti/s 1, 18, 6;
    %xor;
    %load/vec4 v0000000000026960_0;
    %parti/s 1, 16, 6;
    %xor;
    %load/vec4 v0000000000026960_0;
    %parti/s 1, 14, 5;
    %xor;
    %load/vec4 v0000000000026960_0;
    %parti/s 1, 13, 5;
    %xor;
    %load/vec4 v0000000000026960_0;
    %parti/s 1, 10, 5;
    %xor;
    %load/vec4 v0000000000026960_0;
    %parti/s 1, 7, 4;
    %xor;
    %load/vec4 v0000000000026960_0;
    %parti/s 1, 6, 4;
    %xor;
    %load/vec4 v0000000000026960_0;
    %parti/s 1, 5, 4;
    %xor;
    %load/vec4 v0000000000026960_0;
    %parti/s 1, 3, 3;
    %xor;
    %load/vec4 v0000000000026960_0;
    %parti/s 1, 2, 3;
    %xor;
    %load/vec4 v0000000000026960_0;
    %parti/s 1, 1, 2;
    %xor;
    %load/vec4 v00000000010069b0_0;
    %parti/s 1, 1, 2;
    %xor;
    %load/vec4 v00000000010069b0_0;
    %parti/s 1, 2, 3;
    %xor;
    %load/vec4 v00000000010069b0_0;
    %parti/s 1, 3, 3;
    %xor;
    %load/vec4 v00000000010069b0_0;
    %parti/s 1, 5, 4;
    %xor;
    %load/vec4 v00000000010069b0_0;
    %parti/s 1, 6, 4;
    %xor;
    %load/vec4 v00000000010069b0_0;
    %parti/s 1, 7, 4;
    %xor;
    %load/vec4 v00000000010069b0_0;
    %parti/s 1, 10, 5;
    %xor;
    %load/vec4 v00000000010069b0_0;
    %parti/s 1, 13, 5;
    %xor;
    %load/vec4 v00000000010069b0_0;
    %parti/s 1, 14, 5;
    %xor;
    %load/vec4 v00000000010069b0_0;
    %parti/s 1, 16, 6;
    %xor;
    %load/vec4 v00000000010069b0_0;
    %parti/s 1, 18, 6;
    %xor;
    %load/vec4 v00000000010069b0_0;
    %parti/s 1, 19, 6;
    %xor;
    %load/vec4 v00000000010069b0_0;
    %parti/s 1, 22, 6;
    %xor;
    %load/vec4 v00000000010069b0_0;
    %parti/s 1, 25, 6;
    %xor;
    %load/vec4 v00000000010069b0_0;
    %parti/s 1, 28, 6;
    %xor;
    %load/vec4 v00000000010069b0_0;
    %parti/s 1, 31, 6;
    %xor;
    %ix/load 4, 13, 0;
    %ix/load 5, 0, 0;
    %flag_set/imm 4, 0;
    %assign/vec4/off/d v0000000000026b40_0, 4, 5;
    %load/vec4 v0000000000026960_0;
    %parti/s 1, 29, 6;
    %load/vec4 v0000000000026960_0;
    %parti/s 1, 26, 6;
    %xor;
    %load/vec4 v0000000000026960_0;
    %parti/s 1, 23, 6;
    %xor;
    %load/vec4 v0000000000026960_0;
    %parti/s 1, 20, 6;
    %xor;
    %load/vec4 v0000000000026960_0;
    %parti/s 1, 19, 6;
    %xor;
    %load/vec4 v0000000000026960_0;
    %parti/s 1, 17, 6;
    %xor;
    %load/vec4 v0000000000026960_0;
    %parti/s 1, 15, 5;
    %xor;
    %load/vec4 v0000000000026960_0;
    %parti/s 1, 14, 5;
    %xor;
    %load/vec4 v0000000000026960_0;
    %parti/s 1, 11, 5;
    %xor;
    %load/vec4 v0000000000026960_0;
    %parti/s 1, 8, 5;
    %xor;
    %load/vec4 v0000000000026960_0;
    %parti/s 1, 7, 4;
    %xor;
    %load/vec4 v0000000000026960_0;
    %parti/s 1, 6, 4;
    %xor;
    %load/vec4 v0000000000026960_0;
    %parti/s 1, 4, 4;
    %xor;
    %load/vec4 v0000000000026960_0;
    %parti/s 1, 3, 3;
    %xor;
    %load/vec4 v0000000000026960_0;
    %parti/s 1, 2, 3;
    %xor;
    %load/vec4 v00000000010069b0_0;
    %parti/s 1, 2, 3;
    %xor;
    %load/vec4 v00000000010069b0_0;
    %parti/s 1, 3, 3;
    %xor;
    %load/vec4 v00000000010069b0_0;
    %parti/s 1, 4, 4;
    %xor;
    %load/vec4 v00000000010069b0_0;
    %parti/s 1, 6, 4;
    %xor;
    %load/vec4 v00000000010069b0_0;
    %parti/s 1, 7, 4;
    %xor;
    %load/vec4 v00000000010069b0_0;
    %parti/s 1, 8, 5;
    %xor;
    %load/vec4 v00000000010069b0_0;
    %parti/s 1, 11, 5;
    %xor;
    %load/vec4 v00000000010069b0_0;
    %parti/s 1, 14, 5;
    %xor;
    %load/vec4 v00000000010069b0_0;
    %parti/s 1, 15, 5;
    %xor;
    %load/vec4 v00000000010069b0_0;
    %parti/s 1, 17, 6;
    %xor;
    %load/vec4 v00000000010069b0_0;
    %parti/s 1, 19, 6;
    %xor;
    %load/vec4 v00000000010069b0_0;
    %parti/s 1, 20, 6;
    %xor;
    %load/vec4 v00000000010069b0_0;
    %parti/s 1, 23, 6;
    %xor;
    %load/vec4 v00000000010069b0_0;
    %parti/s 1, 26, 6;
    %xor;
    %load/vec4 v00000000010069b0_0;
    %parti/s 1, 29, 6;
    %xor;
    %ix/load 4, 14, 0;
    %ix/load 5, 0, 0;
    %flag_set/imm 4, 0;
    %assign/vec4/off/d v0000000000026b40_0, 4, 5;
    %load/vec4 v0000000000026960_0;
    %parti/s 1, 30, 6;
    %load/vec4 v0000000000026960_0;
    %parti/s 1, 27, 6;
    %xor;
    %load/vec4 v0000000000026960_0;
    %parti/s 1, 24, 6;
    %xor;
    %load/vec4 v0000000000026960_0;
    %parti/s 1, 21, 6;
    %xor;
    %load/vec4 v0000000000026960_0;
    %parti/s 1, 20, 6;
    %xor;
    %load/vec4 v0000000000026960_0;
    %parti/s 1, 18, 6;
    %xor;
    %load/vec4 v0000000000026960_0;
    %parti/s 1, 16, 6;
    %xor;
    %load/vec4 v0000000000026960_0;
    %parti/s 1, 15, 5;
    %xor;
    %load/vec4 v0000000000026960_0;
    %parti/s 1, 12, 5;
    %xor;
    %load/vec4 v0000000000026960_0;
    %parti/s 1, 9, 5;
    %xor;
    %load/vec4 v0000000000026960_0;
    %parti/s 1, 8, 5;
    %xor;
    %load/vec4 v0000000000026960_0;
    %parti/s 1, 7, 4;
    %xor;
    %load/vec4 v0000000000026960_0;
    %parti/s 1, 5, 4;
    %xor;
    %load/vec4 v0000000000026960_0;
    %parti/s 1, 4, 4;
    %xor;
    %load/vec4 v0000000000026960_0;
    %parti/s 1, 3, 3;
    %xor;
    %load/vec4 v00000000010069b0_0;
    %parti/s 1, 3, 3;
    %xor;
    %load/vec4 v00000000010069b0_0;
    %parti/s 1, 4, 4;
    %xor;
    %load/vec4 v00000000010069b0_0;
    %parti/s 1, 5, 4;
    %xor;
    %load/vec4 v00000000010069b0_0;
    %parti/s 1, 7, 4;
    %xor;
    %load/vec4 v00000000010069b0_0;
    %parti/s 1, 8, 5;
    %xor;
    %load/vec4 v00000000010069b0_0;
    %parti/s 1, 9, 5;
    %xor;
    %load/vec4 v00000000010069b0_0;
    %parti/s 1, 12, 5;
    %xor;
    %load/vec4 v00000000010069b0_0;
    %parti/s 1, 15, 5;
    %xor;
    %load/vec4 v00000000010069b0_0;
    %parti/s 1, 16, 6;
    %xor;
    %load/vec4 v00000000010069b0_0;
    %parti/s 1, 18, 6;
    %xor;
    %load/vec4 v00000000010069b0_0;
    %parti/s 1, 20, 6;
    %xor;
    %load/vec4 v00000000010069b0_0;
    %parti/s 1, 21, 6;
    %xor;
    %load/vec4 v00000000010069b0_0;
    %parti/s 1, 24, 6;
    %xor;
    %load/vec4 v00000000010069b0_0;
    %parti/s 1, 27, 6;
    %xor;
    %load/vec4 v00000000010069b0_0;
    %parti/s 1, 30, 6;
    %xor;
    %ix/load 4, 15, 0;
    %ix/load 5, 0, 0;
    %flag_set/imm 4, 0;
    %assign/vec4/off/d v0000000000026b40_0, 4, 5;
    %load/vec4 v0000000000026960_0;
    %parti/s 1, 30, 6;
    %load/vec4 v0000000000026960_0;
    %parti/s 1, 29, 6;
    %xor;
    %load/vec4 v0000000000026960_0;
    %parti/s 1, 26, 6;
    %xor;
    %load/vec4 v0000000000026960_0;
    %parti/s 1, 24, 6;
    %xor;
    %load/vec4 v0000000000026960_0;
    %parti/s 1, 22, 6;
    %xor;
    %load/vec4 v0000000000026960_0;
    %parti/s 1, 21, 6;
    %xor;
    %load/vec4 v0000000000026960_0;
    %parti/s 1, 19, 6;
    %xor;
    %load/vec4 v0000000000026960_0;
    %parti/s 1, 17, 6;
    %xor;
    %load/vec4 v0000000000026960_0;
    %parti/s 1, 13, 5;
    %xor;
    %load/vec4 v0000000000026960_0;
    %parti/s 1, 12, 5;
    %xor;
    %load/vec4 v0000000000026960_0;
    %parti/s 1, 8, 5;
    %xor;
    %load/vec4 v0000000000026960_0;
    %parti/s 1, 5, 4;
    %xor;
    %load/vec4 v0000000000026960_0;
    %parti/s 1, 4, 4;
    %xor;
    %load/vec4 v0000000000026960_0;
    %parti/s 1, 0, 2;
    %xor;
    %load/vec4 v00000000010069b0_0;
    %parti/s 1, 0, 2;
    %xor;
    %load/vec4 v00000000010069b0_0;
    %parti/s 1, 4, 4;
    %xor;
    %load/vec4 v00000000010069b0_0;
    %parti/s 1, 5, 4;
    %xor;
    %load/vec4 v00000000010069b0_0;
    %parti/s 1, 8, 5;
    %xor;
    %load/vec4 v00000000010069b0_0;
    %parti/s 1, 12, 5;
    %xor;
    %load/vec4 v00000000010069b0_0;
    %parti/s 1, 13, 5;
    %xor;
    %load/vec4 v00000000010069b0_0;
    %parti/s 1, 17, 6;
    %xor;
    %load/vec4 v00000000010069b0_0;
    %parti/s 1, 19, 6;
    %xor;
    %load/vec4 v00000000010069b0_0;
    %parti/s 1, 21, 6;
    %xor;
    %load/vec4 v00000000010069b0_0;
    %parti/s 1, 22, 6;
    %xor;
    %load/vec4 v00000000010069b0_0;
    %parti/s 1, 24, 6;
    %xor;
    %load/vec4 v00000000010069b0_0;
    %parti/s 1, 26, 6;
    %xor;
    %load/vec4 v00000000010069b0_0;
    %parti/s 1, 29, 6;
    %xor;
    %load/vec4 v00000000010069b0_0;
    %parti/s 1, 30, 6;
    %xor;
    %ix/load 4, 16, 0;
    %ix/load 5, 0, 0;
    %flag_set/imm 4, 0;
    %assign/vec4/off/d v0000000000026b40_0, 4, 5;
    %load/vec4 v0000000000026960_0;
    %parti/s 1, 31, 6;
    %load/vec4 v0000000000026960_0;
    %parti/s 1, 30, 6;
    %xor;
    %load/vec4 v0000000000026960_0;
    %parti/s 1, 27, 6;
    %xor;
    %load/vec4 v0000000000026960_0;
    %parti/s 1, 25, 6;
    %xor;
    %load/vec4 v0000000000026960_0;
    %parti/s 1, 23, 6;
    %xor;
    %load/vec4 v0000000000026960_0;
    %parti/s 1, 22, 6;
    %xor;
    %load/vec4 v0000000000026960_0;
    %parti/s 1, 20, 6;
    %xor;
    %load/vec4 v0000000000026960_0;
    %parti/s 1, 18, 6;
    %xor;
    %load/vec4 v0000000000026960_0;
    %parti/s 1, 14, 5;
    %xor;
    %load/vec4 v0000000000026960_0;
    %parti/s 1, 13, 5;
    %xor;
    %load/vec4 v0000000000026960_0;
    %parti/s 1, 9, 5;
    %xor;
    %load/vec4 v0000000000026960_0;
    %parti/s 1, 6, 4;
    %xor;
    %load/vec4 v0000000000026960_0;
    %parti/s 1, 5, 4;
    %xor;
    %load/vec4 v0000000000026960_0;
    %parti/s 1, 1, 2;
    %xor;
    %load/vec4 v00000000010069b0_0;
    %parti/s 1, 1, 2;
    %xor;
    %load/vec4 v00000000010069b0_0;
    %parti/s 1, 5, 4;
    %xor;
    %load/vec4 v00000000010069b0_0;
    %parti/s 1, 6, 4;
    %xor;
    %load/vec4 v00000000010069b0_0;
    %parti/s 1, 9, 5;
    %xor;
    %load/vec4 v00000000010069b0_0;
    %parti/s 1, 13, 5;
    %xor;
    %load/vec4 v00000000010069b0_0;
    %parti/s 1, 14, 5;
    %xor;
    %load/vec4 v00000000010069b0_0;
    %parti/s 1, 18, 6;
    %xor;
    %load/vec4 v00000000010069b0_0;
    %parti/s 1, 20, 6;
    %xor;
    %load/vec4 v00000000010069b0_0;
    %parti/s 1, 22, 6;
    %xor;
    %load/vec4 v00000000010069b0_0;
    %parti/s 1, 23, 6;
    %xor;
    %load/vec4 v00000000010069b0_0;
    %parti/s 1, 25, 6;
    %xor;
    %load/vec4 v00000000010069b0_0;
    %parti/s 1, 27, 6;
    %xor;
    %load/vec4 v00000000010069b0_0;
    %parti/s 1, 30, 6;
    %xor;
    %load/vec4 v00000000010069b0_0;
    %parti/s 1, 31, 6;
    %xor;
    %ix/load 4, 17, 0;
    %ix/load 5, 0, 0;
    %flag_set/imm 4, 0;
    %assign/vec4/off/d v0000000000026b40_0, 4, 5;
    %load/vec4 v0000000000026960_0;
    %parti/s 1, 31, 6;
    %load/vec4 v0000000000026960_0;
    %parti/s 1, 28, 6;
    %xor;
    %load/vec4 v0000000000026960_0;
    %parti/s 1, 26, 6;
    %xor;
    %load/vec4 v0000000000026960_0;
    %parti/s 1, 24, 6;
    %xor;
    %load/vec4 v0000000000026960_0;
    %parti/s 1, 23, 6;
    %xor;
    %load/vec4 v0000000000026960_0;
    %parti/s 1, 21, 6;
    %xor;
    %load/vec4 v0000000000026960_0;
    %parti/s 1, 19, 6;
    %xor;
    %load/vec4 v0000000000026960_0;
    %parti/s 1, 15, 5;
    %xor;
    %load/vec4 v0000000000026960_0;
    %parti/s 1, 14, 5;
    %xor;
    %load/vec4 v0000000000026960_0;
    %parti/s 1, 10, 5;
    %xor;
    %load/vec4 v0000000000026960_0;
    %parti/s 1, 7, 4;
    %xor;
    %load/vec4 v0000000000026960_0;
    %parti/s 1, 6, 4;
    %xor;
    %load/vec4 v0000000000026960_0;
    %parti/s 1, 2, 3;
    %xor;
    %load/vec4 v00000000010069b0_0;
    %parti/s 1, 2, 3;
    %xor;
    %load/vec4 v00000000010069b0_0;
    %parti/s 1, 6, 4;
    %xor;
    %load/vec4 v00000000010069b0_0;
    %parti/s 1, 7, 4;
    %xor;
    %load/vec4 v00000000010069b0_0;
    %parti/s 1, 10, 5;
    %xor;
    %load/vec4 v00000000010069b0_0;
    %parti/s 1, 14, 5;
    %xor;
    %load/vec4 v00000000010069b0_0;
    %parti/s 1, 15, 5;
    %xor;
    %load/vec4 v00000000010069b0_0;
    %parti/s 1, 19, 6;
    %xor;
    %load/vec4 v00000000010069b0_0;
    %parti/s 1, 21, 6;
    %xor;
    %load/vec4 v00000000010069b0_0;
    %parti/s 1, 23, 6;
    %xor;
    %load/vec4 v00000000010069b0_0;
    %parti/s 1, 24, 6;
    %xor;
    %load/vec4 v00000000010069b0_0;
    %parti/s 1, 26, 6;
    %xor;
    %load/vec4 v00000000010069b0_0;
    %parti/s 1, 28, 6;
    %xor;
    %load/vec4 v00000000010069b0_0;
    %parti/s 1, 31, 6;
    %xor;
    %ix/load 4, 18, 0;
    %ix/load 5, 0, 0;
    %flag_set/imm 4, 0;
    %assign/vec4/off/d v0000000000026b40_0, 4, 5;
    %load/vec4 v0000000000026960_0;
    %parti/s 1, 29, 6;
    %load/vec4 v0000000000026960_0;
    %parti/s 1, 27, 6;
    %xor;
    %load/vec4 v0000000000026960_0;
    %parti/s 1, 25, 6;
    %xor;
    %load/vec4 v0000000000026960_0;
    %parti/s 1, 24, 6;
    %xor;
    %load/vec4 v0000000000026960_0;
    %parti/s 1, 22, 6;
    %xor;
    %load/vec4 v0000000000026960_0;
    %parti/s 1, 20, 6;
    %xor;
    %load/vec4 v0000000000026960_0;
    %parti/s 1, 16, 6;
    %xor;
    %load/vec4 v0000000000026960_0;
    %parti/s 1, 15, 5;
    %xor;
    %load/vec4 v0000000000026960_0;
    %parti/s 1, 11, 5;
    %xor;
    %load/vec4 v0000000000026960_0;
    %parti/s 1, 8, 5;
    %xor;
    %load/vec4 v0000000000026960_0;
    %parti/s 1, 7, 4;
    %xor;
    %load/vec4 v0000000000026960_0;
    %parti/s 1, 3, 3;
    %xor;
    %load/vec4 v00000000010069b0_0;
    %parti/s 1, 3, 3;
    %xor;
    %load/vec4 v00000000010069b0_0;
    %parti/s 1, 7, 4;
    %xor;
    %load/vec4 v00000000010069b0_0;
    %parti/s 1, 8, 5;
    %xor;
    %load/vec4 v00000000010069b0_0;
    %parti/s 1, 11, 5;
    %xor;
    %load/vec4 v00000000010069b0_0;
    %parti/s 1, 15, 5;
    %xor;
    %load/vec4 v00000000010069b0_0;
    %parti/s 1, 16, 6;
    %xor;
    %load/vec4 v00000000010069b0_0;
    %parti/s 1, 20, 6;
    %xor;
    %load/vec4 v00000000010069b0_0;
    %parti/s 1, 22, 6;
    %xor;
    %load/vec4 v00000000010069b0_0;
    %parti/s 1, 24, 6;
    %xor;
    %load/vec4 v00000000010069b0_0;
    %parti/s 1, 25, 6;
    %xor;
    %load/vec4 v00000000010069b0_0;
    %parti/s 1, 27, 6;
    %xor;
    %load/vec4 v00000000010069b0_0;
    %parti/s 1, 29, 6;
    %xor;
    %ix/load 4, 19, 0;
    %ix/load 5, 0, 0;
    %flag_set/imm 4, 0;
    %assign/vec4/off/d v0000000000026b40_0, 4, 5;
    %load/vec4 v0000000000026960_0;
    %parti/s 1, 30, 6;
    %load/vec4 v0000000000026960_0;
    %parti/s 1, 28, 6;
    %xor;
    %load/vec4 v0000000000026960_0;
    %parti/s 1, 26, 6;
    %xor;
    %load/vec4 v0000000000026960_0;
    %parti/s 1, 25, 6;
    %xor;
    %load/vec4 v0000000000026960_0;
    %parti/s 1, 23, 6;
    %xor;
    %load/vec4 v0000000000026960_0;
    %parti/s 1, 21, 6;
    %xor;
    %load/vec4 v0000000000026960_0;
    %parti/s 1, 17, 6;
    %xor;
    %load/vec4 v0000000000026960_0;
    %parti/s 1, 16, 6;
    %xor;
    %load/vec4 v0000000000026960_0;
    %parti/s 1, 12, 5;
    %xor;
    %load/vec4 v0000000000026960_0;
    %parti/s 1, 9, 5;
    %xor;
    %load/vec4 v0000000000026960_0;
    %parti/s 1, 8, 5;
    %xor;
    %load/vec4 v0000000000026960_0;
    %parti/s 1, 4, 4;
    %xor;
    %load/vec4 v00000000010069b0_0;
    %parti/s 1, 4, 4;
    %xor;
    %load/vec4 v00000000010069b0_0;
    %parti/s 1, 8, 5;
    %xor;
    %load/vec4 v00000000010069b0_0;
    %parti/s 1, 9, 5;
    %xor;
    %load/vec4 v00000000010069b0_0;
    %parti/s 1, 12, 5;
    %xor;
    %load/vec4 v00000000010069b0_0;
    %parti/s 1, 16, 6;
    %xor;
    %load/vec4 v00000000010069b0_0;
    %parti/s 1, 17, 6;
    %xor;
    %load/vec4 v00000000010069b0_0;
    %parti/s 1, 21, 6;
    %xor;
    %load/vec4 v00000000010069b0_0;
    %parti/s 1, 23, 6;
    %xor;
    %load/vec4 v00000000010069b0_0;
    %parti/s 1, 25, 6;
    %xor;
    %load/vec4 v00000000010069b0_0;
    %parti/s 1, 26, 6;
    %xor;
    %load/vec4 v00000000010069b0_0;
    %parti/s 1, 28, 6;
    %xor;
    %load/vec4 v00000000010069b0_0;
    %parti/s 1, 30, 6;
    %xor;
    %ix/load 4, 20, 0;
    %ix/load 5, 0, 0;
    %flag_set/imm 4, 0;
    %assign/vec4/off/d v0000000000026b40_0, 4, 5;
    %load/vec4 v0000000000026960_0;
    %parti/s 1, 31, 6;
    %load/vec4 v0000000000026960_0;
    %parti/s 1, 29, 6;
    %xor;
    %load/vec4 v0000000000026960_0;
    %parti/s 1, 27, 6;
    %xor;
    %load/vec4 v0000000000026960_0;
    %parti/s 1, 26, 6;
    %xor;
    %load/vec4 v0000000000026960_0;
    %parti/s 1, 24, 6;
    %xor;
    %load/vec4 v0000000000026960_0;
    %parti/s 1, 22, 6;
    %xor;
    %load/vec4 v0000000000026960_0;
    %parti/s 1, 18, 6;
    %xor;
    %load/vec4 v0000000000026960_0;
    %parti/s 1, 17, 6;
    %xor;
    %load/vec4 v0000000000026960_0;
    %parti/s 1, 13, 5;
    %xor;
    %load/vec4 v0000000000026960_0;
    %parti/s 1, 10, 5;
    %xor;
    %load/vec4 v0000000000026960_0;
    %parti/s 1, 9, 5;
    %xor;
    %load/vec4 v0000000000026960_0;
    %parti/s 1, 5, 4;
    %xor;
    %load/vec4 v00000000010069b0_0;
    %parti/s 1, 5, 4;
    %xor;
    %load/vec4 v00000000010069b0_0;
    %parti/s 1, 9, 5;
    %xor;
    %load/vec4 v00000000010069b0_0;
    %parti/s 1, 10, 5;
    %xor;
    %load/vec4 v00000000010069b0_0;
    %parti/s 1, 13, 5;
    %xor;
    %load/vec4 v00000000010069b0_0;
    %parti/s 1, 17, 6;
    %xor;
    %load/vec4 v00000000010069b0_0;
    %parti/s 1, 18, 6;
    %xor;
    %load/vec4 v00000000010069b0_0;
    %parti/s 1, 22, 6;
    %xor;
    %load/vec4 v00000000010069b0_0;
    %parti/s 1, 24, 6;
    %xor;
    %load/vec4 v00000000010069b0_0;
    %parti/s 1, 26, 6;
    %xor;
    %load/vec4 v00000000010069b0_0;
    %parti/s 1, 27, 6;
    %xor;
    %load/vec4 v00000000010069b0_0;
    %parti/s 1, 29, 6;
    %xor;
    %load/vec4 v00000000010069b0_0;
    %parti/s 1, 31, 6;
    %xor;
    %ix/load 4, 21, 0;
    %ix/load 5, 0, 0;
    %flag_set/imm 4, 0;
    %assign/vec4/off/d v0000000000026b40_0, 4, 5;
    %load/vec4 v0000000000026960_0;
    %parti/s 1, 31, 6;
    %load/vec4 v0000000000026960_0;
    %parti/s 1, 29, 6;
    %xor;
    %load/vec4 v0000000000026960_0;
    %parti/s 1, 27, 6;
    %xor;
    %load/vec4 v0000000000026960_0;
    %parti/s 1, 26, 6;
    %xor;
    %load/vec4 v0000000000026960_0;
    %parti/s 1, 24, 6;
    %xor;
    %load/vec4 v0000000000026960_0;
    %parti/s 1, 23, 6;
    %xor;
    %load/vec4 v0000000000026960_0;
    %parti/s 1, 19, 6;
    %xor;
    %load/vec4 v0000000000026960_0;
    %parti/s 1, 18, 6;
    %xor;
    %load/vec4 v0000000000026960_0;
    %parti/s 1, 16, 6;
    %xor;
    %load/vec4 v0000000000026960_0;
    %parti/s 1, 14, 5;
    %xor;
    %load/vec4 v0000000000026960_0;
    %parti/s 1, 12, 5;
    %xor;
    %load/vec4 v0000000000026960_0;
    %parti/s 1, 11, 5;
    %xor;
    %load/vec4 v0000000000026960_0;
    %parti/s 1, 9, 5;
    %xor;
    %load/vec4 v0000000000026960_0;
    %parti/s 1, 0, 2;
    %xor;
    %load/vec4 v00000000010069b0_0;
    %parti/s 1, 0, 2;
    %xor;
    %load/vec4 v00000000010069b0_0;
    %parti/s 1, 9, 5;
    %xor;
    %load/vec4 v00000000010069b0_0;
    %parti/s 1, 11, 5;
    %xor;
    %load/vec4 v00000000010069b0_0;
    %parti/s 1, 12, 5;
    %xor;
    %load/vec4 v00000000010069b0_0;
    %parti/s 1, 14, 5;
    %xor;
    %load/vec4 v00000000010069b0_0;
    %parti/s 1, 16, 6;
    %xor;
    %load/vec4 v00000000010069b0_0;
    %parti/s 1, 18, 6;
    %xor;
    %load/vec4 v00000000010069b0_0;
    %parti/s 1, 19, 6;
    %xor;
    %load/vec4 v00000000010069b0_0;
    %parti/s 1, 23, 6;
    %xor;
    %load/vec4 v00000000010069b0_0;
    %parti/s 1, 24, 6;
    %xor;
    %load/vec4 v00000000010069b0_0;
    %parti/s 1, 26, 6;
    %xor;
    %load/vec4 v00000000010069b0_0;
    %parti/s 1, 27, 6;
    %xor;
    %load/vec4 v00000000010069b0_0;
    %parti/s 1, 29, 6;
    %xor;
    %load/vec4 v00000000010069b0_0;
    %parti/s 1, 31, 6;
    %xor;
    %ix/load 4, 22, 0;
    %ix/load 5, 0, 0;
    %flag_set/imm 4, 0;
    %assign/vec4/off/d v0000000000026b40_0, 4, 5;
    %load/vec4 v0000000000026960_0;
    %parti/s 1, 31, 6;
    %load/vec4 v0000000000026960_0;
    %parti/s 1, 29, 6;
    %xor;
    %load/vec4 v0000000000026960_0;
    %parti/s 1, 27, 6;
    %xor;
    %load/vec4 v0000000000026960_0;
    %parti/s 1, 26, 6;
    %xor;
    %load/vec4 v0000000000026960_0;
    %parti/s 1, 20, 6;
    %xor;
    %load/vec4 v0000000000026960_0;
    %parti/s 1, 19, 6;
    %xor;
    %load/vec4 v0000000000026960_0;
    %parti/s 1, 17, 6;
    %xor;
    %load/vec4 v0000000000026960_0;
    %parti/s 1, 16, 6;
    %xor;
    %load/vec4 v0000000000026960_0;
    %parti/s 1, 15, 5;
    %xor;
    %load/vec4 v0000000000026960_0;
    %parti/s 1, 13, 5;
    %xor;
    %load/vec4 v0000000000026960_0;
    %parti/s 1, 9, 5;
    %xor;
    %load/vec4 v0000000000026960_0;
    %parti/s 1, 6, 4;
    %xor;
    %load/vec4 v0000000000026960_0;
    %parti/s 1, 1, 2;
    %xor;
    %load/vec4 v0000000000026960_0;
    %parti/s 1, 0, 2;
    %xor;
    %load/vec4 v00000000010069b0_0;
    %parti/s 1, 0, 2;
    %xor;
    %load/vec4 v00000000010069b0_0;
    %parti/s 1, 1, 2;
    %xor;
    %load/vec4 v00000000010069b0_0;
    %parti/s 1, 6, 4;
    %xor;
    %load/vec4 v00000000010069b0_0;
    %parti/s 1, 9, 5;
    %xor;
    %load/vec4 v00000000010069b0_0;
    %parti/s 1, 13, 5;
    %xor;
    %load/vec4 v00000000010069b0_0;
    %parti/s 1, 15, 5;
    %xor;
    %load/vec4 v00000000010069b0_0;
    %parti/s 1, 16, 6;
    %xor;
    %load/vec4 v00000000010069b0_0;
    %parti/s 1, 17, 6;
    %xor;
    %load/vec4 v00000000010069b0_0;
    %parti/s 1, 19, 6;
    %xor;
    %load/vec4 v00000000010069b0_0;
    %parti/s 1, 20, 6;
    %xor;
    %load/vec4 v00000000010069b0_0;
    %parti/s 1, 26, 6;
    %xor;
    %load/vec4 v00000000010069b0_0;
    %parti/s 1, 27, 6;
    %xor;
    %load/vec4 v00000000010069b0_0;
    %parti/s 1, 29, 6;
    %xor;
    %load/vec4 v00000000010069b0_0;
    %parti/s 1, 31, 6;
    %xor;
    %ix/load 4, 23, 0;
    %ix/load 5, 0, 0;
    %flag_set/imm 4, 0;
    %assign/vec4/off/d v0000000000026b40_0, 4, 5;
    %load/vec4 v0000000000026960_0;
    %parti/s 1, 30, 6;
    %load/vec4 v0000000000026960_0;
    %parti/s 1, 28, 6;
    %xor;
    %load/vec4 v0000000000026960_0;
    %parti/s 1, 27, 6;
    %xor;
    %load/vec4 v0000000000026960_0;
    %parti/s 1, 21, 6;
    %xor;
    %load/vec4 v0000000000026960_0;
    %parti/s 1, 20, 6;
    %xor;
    %load/vec4 v0000000000026960_0;
    %parti/s 1, 18, 6;
    %xor;
    %load/vec4 v0000000000026960_0;
    %parti/s 1, 17, 6;
    %xor;
    %load/vec4 v0000000000026960_0;
    %parti/s 1, 16, 6;
    %xor;
    %load/vec4 v0000000000026960_0;
    %parti/s 1, 14, 5;
    %xor;
    %load/vec4 v0000000000026960_0;
    %parti/s 1, 10, 5;
    %xor;
    %load/vec4 v0000000000026960_0;
    %parti/s 1, 7, 4;
    %xor;
    %load/vec4 v0000000000026960_0;
    %parti/s 1, 2, 3;
    %xor;
    %load/vec4 v0000000000026960_0;
    %parti/s 1, 1, 2;
    %xor;
    %load/vec4 v00000000010069b0_0;
    %parti/s 1, 1, 2;
    %xor;
    %load/vec4 v00000000010069b0_0;
    %parti/s 1, 2, 3;
    %xor;
    %load/vec4 v00000000010069b0_0;
    %parti/s 1, 7, 4;
    %xor;
    %load/vec4 v00000000010069b0_0;
    %parti/s 1, 10, 5;
    %xor;
    %load/vec4 v00000000010069b0_0;
    %parti/s 1, 14, 5;
    %xor;
    %load/vec4 v00000000010069b0_0;
    %parti/s 1, 16, 6;
    %xor;
    %load/vec4 v00000000010069b0_0;
    %parti/s 1, 17, 6;
    %xor;
    %load/vec4 v00000000010069b0_0;
    %parti/s 1, 18, 6;
    %xor;
    %load/vec4 v00000000010069b0_0;
    %parti/s 1, 20, 6;
    %xor;
    %load/vec4 v00000000010069b0_0;
    %parti/s 1, 21, 6;
    %xor;
    %load/vec4 v00000000010069b0_0;
    %parti/s 1, 27, 6;
    %xor;
    %load/vec4 v00000000010069b0_0;
    %parti/s 1, 28, 6;
    %xor;
    %load/vec4 v00000000010069b0_0;
    %parti/s 1, 30, 6;
    %xor;
    %ix/load 4, 24, 0;
    %ix/load 5, 0, 0;
    %flag_set/imm 4, 0;
    %assign/vec4/off/d v0000000000026b40_0, 4, 5;
    %load/vec4 v0000000000026960_0;
    %parti/s 1, 31, 6;
    %load/vec4 v0000000000026960_0;
    %parti/s 1, 29, 6;
    %xor;
    %load/vec4 v0000000000026960_0;
    %parti/s 1, 28, 6;
    %xor;
    %load/vec4 v0000000000026960_0;
    %parti/s 1, 22, 6;
    %xor;
    %load/vec4 v0000000000026960_0;
    %parti/s 1, 21, 6;
    %xor;
    %load/vec4 v0000000000026960_0;
    %parti/s 1, 19, 6;
    %xor;
    %load/vec4 v0000000000026960_0;
    %parti/s 1, 18, 6;
    %xor;
    %load/vec4 v0000000000026960_0;
    %parti/s 1, 17, 6;
    %xor;
    %load/vec4 v0000000000026960_0;
    %parti/s 1, 15, 5;
    %xor;
    %load/vec4 v0000000000026960_0;
    %parti/s 1, 11, 5;
    %xor;
    %load/vec4 v0000000000026960_0;
    %parti/s 1, 8, 5;
    %xor;
    %load/vec4 v0000000000026960_0;
    %parti/s 1, 3, 3;
    %xor;
    %load/vec4 v0000000000026960_0;
    %parti/s 1, 2, 3;
    %xor;
    %load/vec4 v00000000010069b0_0;
    %parti/s 1, 2, 3;
    %xor;
    %load/vec4 v00000000010069b0_0;
    %parti/s 1, 3, 3;
    %xor;
    %load/vec4 v00000000010069b0_0;
    %parti/s 1, 8, 5;
    %xor;
    %load/vec4 v00000000010069b0_0;
    %parti/s 1, 11, 5;
    %xor;
    %load/vec4 v00000000010069b0_0;
    %parti/s 1, 15, 5;
    %xor;
    %load/vec4 v00000000010069b0_0;
    %parti/s 1, 17, 6;
    %xor;
    %load/vec4 v00000000010069b0_0;
    %parti/s 1, 18, 6;
    %xor;
    %load/vec4 v00000000010069b0_0;
    %parti/s 1, 19, 6;
    %xor;
    %load/vec4 v00000000010069b0_0;
    %parti/s 1, 21, 6;
    %xor;
    %load/vec4 v00000000010069b0_0;
    %parti/s 1, 22, 6;
    %xor;
    %load/vec4 v00000000010069b0_0;
    %parti/s 1, 28, 6;
    %xor;
    %load/vec4 v00000000010069b0_0;
    %parti/s 1, 29, 6;
    %xor;
    %load/vec4 v00000000010069b0_0;
    %parti/s 1, 31, 6;
    %xor;
    %ix/load 4, 25, 0;
    %ix/load 5, 0, 0;
    %flag_set/imm 4, 0;
    %assign/vec4/off/d v0000000000026b40_0, 4, 5;
    %load/vec4 v0000000000026960_0;
    %parti/s 1, 31, 6;
    %load/vec4 v0000000000026960_0;
    %parti/s 1, 28, 6;
    %xor;
    %load/vec4 v0000000000026960_0;
    %parti/s 1, 26, 6;
    %xor;
    %load/vec4 v0000000000026960_0;
    %parti/s 1, 25, 6;
    %xor;
    %load/vec4 v0000000000026960_0;
    %parti/s 1, 24, 6;
    %xor;
    %load/vec4 v0000000000026960_0;
    %parti/s 1, 23, 6;
    %xor;
    %load/vec4 v0000000000026960_0;
    %parti/s 1, 22, 6;
    %xor;
    %load/vec4 v0000000000026960_0;
    %parti/s 1, 20, 6;
    %xor;
    %load/vec4 v0000000000026960_0;
    %parti/s 1, 19, 6;
    %xor;
    %load/vec4 v0000000000026960_0;
    %parti/s 1, 18, 6;
    %xor;
    %load/vec4 v0000000000026960_0;
    %parti/s 1, 10, 5;
    %xor;
    %load/vec4 v0000000000026960_0;
    %parti/s 1, 6, 4;
    %xor;
    %load/vec4 v0000000000026960_0;
    %parti/s 1, 4, 4;
    %xor;
    %load/vec4 v0000000000026960_0;
    %parti/s 1, 3, 3;
    %xor;
    %load/vec4 v0000000000026960_0;
    %parti/s 1, 0, 2;
    %xor;
    %load/vec4 v00000000010069b0_0;
    %parti/s 1, 0, 2;
    %xor;
    %load/vec4 v00000000010069b0_0;
    %parti/s 1, 3, 3;
    %xor;
    %load/vec4 v00000000010069b0_0;
    %parti/s 1, 4, 4;
    %xor;
    %load/vec4 v00000000010069b0_0;
    %parti/s 1, 6, 4;
    %xor;
    %load/vec4 v00000000010069b0_0;
    %parti/s 1, 10, 5;
    %xor;
    %load/vec4 v00000000010069b0_0;
    %parti/s 1, 18, 6;
    %xor;
    %load/vec4 v00000000010069b0_0;
    %parti/s 1, 19, 6;
    %xor;
    %load/vec4 v00000000010069b0_0;
    %parti/s 1, 20, 6;
    %xor;
    %load/vec4 v00000000010069b0_0;
    %parti/s 1, 22, 6;
    %xor;
    %load/vec4 v00000000010069b0_0;
    %parti/s 1, 23, 6;
    %xor;
    %load/vec4 v00000000010069b0_0;
    %parti/s 1, 24, 6;
    %xor;
    %load/vec4 v00000000010069b0_0;
    %parti/s 1, 25, 6;
    %xor;
    %load/vec4 v00000000010069b0_0;
    %parti/s 1, 26, 6;
    %xor;
    %load/vec4 v00000000010069b0_0;
    %parti/s 1, 28, 6;
    %xor;
    %load/vec4 v00000000010069b0_0;
    %parti/s 1, 31, 6;
    %xor;
    %ix/load 4, 26, 0;
    %ix/load 5, 0, 0;
    %flag_set/imm 4, 0;
    %assign/vec4/off/d v0000000000026b40_0, 4, 5;
    %load/vec4 v0000000000026960_0;
    %parti/s 1, 29, 6;
    %load/vec4 v0000000000026960_0;
    %parti/s 1, 27, 6;
    %xor;
    %load/vec4 v0000000000026960_0;
    %parti/s 1, 26, 6;
    %xor;
    %load/vec4 v0000000000026960_0;
    %parti/s 1, 25, 6;
    %xor;
    %load/vec4 v0000000000026960_0;
    %parti/s 1, 24, 6;
    %xor;
    %load/vec4 v0000000000026960_0;
    %parti/s 1, 23, 6;
    %xor;
    %load/vec4 v0000000000026960_0;
    %parti/s 1, 21, 6;
    %xor;
    %load/vec4 v0000000000026960_0;
    %parti/s 1, 20, 6;
    %xor;
    %load/vec4 v0000000000026960_0;
    %parti/s 1, 19, 6;
    %xor;
    %load/vec4 v0000000000026960_0;
    %parti/s 1, 11, 5;
    %xor;
    %load/vec4 v0000000000026960_0;
    %parti/s 1, 7, 4;
    %xor;
    %load/vec4 v0000000000026960_0;
    %parti/s 1, 5, 4;
    %xor;
    %load/vec4 v0000000000026960_0;
    %parti/s 1, 4, 4;
    %xor;
    %load/vec4 v0000000000026960_0;
    %parti/s 1, 1, 2;
    %xor;
    %load/vec4 v00000000010069b0_0;
    %parti/s 1, 1, 2;
    %xor;
    %load/vec4 v00000000010069b0_0;
    %parti/s 1, 4, 4;
    %xor;
    %load/vec4 v00000000010069b0_0;
    %parti/s 1, 5, 4;
    %xor;
    %load/vec4 v00000000010069b0_0;
    %parti/s 1, 7, 4;
    %xor;
    %load/vec4 v00000000010069b0_0;
    %parti/s 1, 11, 5;
    %xor;
    %load/vec4 v00000000010069b0_0;
    %parti/s 1, 19, 6;
    %xor;
    %load/vec4 v00000000010069b0_0;
    %parti/s 1, 20, 6;
    %xor;
    %load/vec4 v00000000010069b0_0;
    %parti/s 1, 21, 6;
    %xor;
    %load/vec4 v00000000010069b0_0;
    %parti/s 1, 23, 6;
    %xor;
    %load/vec4 v00000000010069b0_0;
    %parti/s 1, 24, 6;
    %xor;
    %load/vec4 v00000000010069b0_0;
    %parti/s 1, 25, 6;
    %xor;
    %load/vec4 v00000000010069b0_0;
    %parti/s 1, 26, 6;
    %xor;
    %load/vec4 v00000000010069b0_0;
    %parti/s 1, 27, 6;
    %xor;
    %load/vec4 v00000000010069b0_0;
    %parti/s 1, 29, 6;
    %xor;
    %ix/load 4, 27, 0;
    %ix/load 5, 0, 0;
    %flag_set/imm 4, 0;
    %assign/vec4/off/d v0000000000026b40_0, 4, 5;
    %load/vec4 v0000000000026960_0;
    %parti/s 1, 30, 6;
    %load/vec4 v0000000000026960_0;
    %parti/s 1, 28, 6;
    %xor;
    %load/vec4 v0000000000026960_0;
    %parti/s 1, 27, 6;
    %xor;
    %load/vec4 v0000000000026960_0;
    %parti/s 1, 26, 6;
    %xor;
    %load/vec4 v0000000000026960_0;
    %parti/s 1, 25, 6;
    %xor;
    %load/vec4 v0000000000026960_0;
    %parti/s 1, 24, 6;
    %xor;
    %load/vec4 v0000000000026960_0;
    %parti/s 1, 22, 6;
    %xor;
    %load/vec4 v0000000000026960_0;
    %parti/s 1, 21, 6;
    %xor;
    %load/vec4 v0000000000026960_0;
    %parti/s 1, 20, 6;
    %xor;
    %load/vec4 v0000000000026960_0;
    %parti/s 1, 12, 5;
    %xor;
    %load/vec4 v0000000000026960_0;
    %parti/s 1, 8, 5;
    %xor;
    %load/vec4 v0000000000026960_0;
    %parti/s 1, 6, 4;
    %xor;
    %load/vec4 v0000000000026960_0;
    %parti/s 1, 5, 4;
    %xor;
    %load/vec4 v0000000000026960_0;
    %parti/s 1, 2, 3;
    %xor;
    %load/vec4 v00000000010069b0_0;
    %parti/s 1, 2, 3;
    %xor;
    %load/vec4 v00000000010069b0_0;
    %parti/s 1, 5, 4;
    %xor;
    %load/vec4 v00000000010069b0_0;
    %parti/s 1, 6, 4;
    %xor;
    %load/vec4 v00000000010069b0_0;
    %parti/s 1, 8, 5;
    %xor;
    %load/vec4 v00000000010069b0_0;
    %parti/s 1, 12, 5;
    %xor;
    %load/vec4 v00000000010069b0_0;
    %parti/s 1, 20, 6;
    %xor;
    %load/vec4 v00000000010069b0_0;
    %parti/s 1, 21, 6;
    %xor;
    %load/vec4 v00000000010069b0_0;
    %parti/s 1, 22, 6;
    %xor;
    %load/vec4 v00000000010069b0_0;
    %parti/s 1, 24, 6;
    %xor;
    %load/vec4 v00000000010069b0_0;
    %parti/s 1, 25, 6;
    %xor;
    %load/vec4 v00000000010069b0_0;
    %parti/s 1, 26, 6;
    %xor;
    %load/vec4 v00000000010069b0_0;
    %parti/s 1, 27, 6;
    %xor;
    %load/vec4 v00000000010069b0_0;
    %parti/s 1, 28, 6;
    %xor;
    %load/vec4 v00000000010069b0_0;
    %parti/s 1, 30, 6;
    %xor;
    %ix/load 4, 28, 0;
    %ix/load 5, 0, 0;
    %flag_set/imm 4, 0;
    %assign/vec4/off/d v0000000000026b40_0, 4, 5;
    %load/vec4 v0000000000026960_0;
    %parti/s 1, 31, 6;
    %load/vec4 v0000000000026960_0;
    %parti/s 1, 29, 6;
    %xor;
    %load/vec4 v0000000000026960_0;
    %parti/s 1, 28, 6;
    %xor;
    %load/vec4 v0000000000026960_0;
    %parti/s 1, 27, 6;
    %xor;
    %load/vec4 v0000000000026960_0;
    %parti/s 1, 26, 6;
    %xor;
    %load/vec4 v0000000000026960_0;
    %parti/s 1, 25, 6;
    %xor;
    %load/vec4 v0000000000026960_0;
    %parti/s 1, 23, 6;
    %xor;
    %load/vec4 v0000000000026960_0;
    %parti/s 1, 22, 6;
    %xor;
    %load/vec4 v0000000000026960_0;
    %parti/s 1, 21, 6;
    %xor;
    %load/vec4 v0000000000026960_0;
    %parti/s 1, 13, 5;
    %xor;
    %load/vec4 v0000000000026960_0;
    %parti/s 1, 9, 5;
    %xor;
    %load/vec4 v0000000000026960_0;
    %parti/s 1, 7, 4;
    %xor;
    %load/vec4 v0000000000026960_0;
    %parti/s 1, 6, 4;
    %xor;
    %load/vec4 v0000000000026960_0;
    %parti/s 1, 3, 3;
    %xor;
    %load/vec4 v00000000010069b0_0;
    %parti/s 1, 3, 3;
    %xor;
    %load/vec4 v00000000010069b0_0;
    %parti/s 1, 6, 4;
    %xor;
    %load/vec4 v00000000010069b0_0;
    %parti/s 1, 7, 4;
    %xor;
    %load/vec4 v00000000010069b0_0;
    %parti/s 1, 9, 5;
    %xor;
    %load/vec4 v00000000010069b0_0;
    %parti/s 1, 13, 5;
    %xor;
    %load/vec4 v00000000010069b0_0;
    %parti/s 1, 21, 6;
    %xor;
    %load/vec4 v00000000010069b0_0;
    %parti/s 1, 22, 6;
    %xor;
    %load/vec4 v00000000010069b0_0;
    %parti/s 1, 23, 6;
    %xor;
    %load/vec4 v00000000010069b0_0;
    %parti/s 1, 25, 6;
    %xor;
    %load/vec4 v00000000010069b0_0;
    %parti/s 1, 26, 6;
    %xor;
    %load/vec4 v00000000010069b0_0;
    %parti/s 1, 27, 6;
    %xor;
    %load/vec4 v00000000010069b0_0;
    %parti/s 1, 28, 6;
    %xor;
    %load/vec4 v00000000010069b0_0;
    %parti/s 1, 29, 6;
    %xor;
    %load/vec4 v00000000010069b0_0;
    %parti/s 1, 31, 6;
    %xor;
    %ix/load 4, 29, 0;
    %ix/load 5, 0, 0;
    %flag_set/imm 4, 0;
    %assign/vec4/off/d v0000000000026b40_0, 4, 5;
    %load/vec4 v0000000000026960_0;
    %parti/s 1, 30, 6;
    %load/vec4 v0000000000026960_0;
    %parti/s 1, 29, 6;
    %xor;
    %load/vec4 v0000000000026960_0;
    %parti/s 1, 28, 6;
    %xor;
    %load/vec4 v0000000000026960_0;
    %parti/s 1, 27, 6;
    %xor;
    %load/vec4 v0000000000026960_0;
    %parti/s 1, 26, 6;
    %xor;
    %load/vec4 v0000000000026960_0;
    %parti/s 1, 24, 6;
    %xor;
    %load/vec4 v0000000000026960_0;
    %parti/s 1, 23, 6;
    %xor;
    %load/vec4 v0000000000026960_0;
    %parti/s 1, 22, 6;
    %xor;
    %load/vec4 v0000000000026960_0;
    %parti/s 1, 14, 5;
    %xor;
    %load/vec4 v0000000000026960_0;
    %parti/s 1, 10, 5;
    %xor;
    %load/vec4 v0000000000026960_0;
    %parti/s 1, 8, 5;
    %xor;
    %load/vec4 v0000000000026960_0;
    %parti/s 1, 7, 4;
    %xor;
    %load/vec4 v0000000000026960_0;
    %parti/s 1, 4, 4;
    %xor;
    %load/vec4 v00000000010069b0_0;
    %parti/s 1, 4, 4;
    %xor;
    %load/vec4 v00000000010069b0_0;
    %parti/s 1, 7, 4;
    %xor;
    %load/vec4 v00000000010069b0_0;
    %parti/s 1, 8, 5;
    %xor;
    %load/vec4 v00000000010069b0_0;
    %parti/s 1, 10, 5;
    %xor;
    %load/vec4 v00000000010069b0_0;
    %parti/s 1, 14, 5;
    %xor;
    %load/vec4 v00000000010069b0_0;
    %parti/s 1, 22, 6;
    %xor;
    %load/vec4 v00000000010069b0_0;
    %parti/s 1, 23, 6;
    %xor;
    %load/vec4 v00000000010069b0_0;
    %parti/s 1, 24, 6;
    %xor;
    %load/vec4 v00000000010069b0_0;
    %parti/s 1, 26, 6;
    %xor;
    %load/vec4 v00000000010069b0_0;
    %parti/s 1, 27, 6;
    %xor;
    %load/vec4 v00000000010069b0_0;
    %parti/s 1, 28, 6;
    %xor;
    %load/vec4 v00000000010069b0_0;
    %parti/s 1, 29, 6;
    %xor;
    %load/vec4 v00000000010069b0_0;
    %parti/s 1, 30, 6;
    %xor;
    %ix/load 4, 30, 0;
    %ix/load 5, 0, 0;
    %flag_set/imm 4, 0;
    %assign/vec4/off/d v0000000000026b40_0, 4, 5;
    %load/vec4 v0000000000026960_0;
    %parti/s 1, 31, 6;
    %load/vec4 v0000000000026960_0;
    %parti/s 1, 30, 6;
    %xor;
    %load/vec4 v0000000000026960_0;
    %parti/s 1, 29, 6;
    %xor;
    %load/vec4 v0000000000026960_0;
    %parti/s 1, 28, 6;
    %xor;
    %load/vec4 v0000000000026960_0;
    %parti/s 1, 27, 6;
    %xor;
    %load/vec4 v0000000000026960_0;
    %parti/s 1, 25, 6;
    %xor;
    %load/vec4 v0000000000026960_0;
    %parti/s 1, 24, 6;
    %xor;
    %load/vec4 v0000000000026960_0;
    %parti/s 1, 23, 6;
    %xor;
    %load/vec4 v0000000000026960_0;
    %parti/s 1, 15, 5;
    %xor;
    %load/vec4 v0000000000026960_0;
    %parti/s 1, 11, 5;
    %xor;
    %load/vec4 v0000000000026960_0;
    %parti/s 1, 9, 5;
    %xor;
    %load/vec4 v0000000000026960_0;
    %parti/s 1, 8, 5;
    %xor;
    %load/vec4 v0000000000026960_0;
    %parti/s 1, 5, 4;
    %xor;
    %load/vec4 v00000000010069b0_0;
    %parti/s 1, 5, 4;
    %xor;
    %load/vec4 v00000000010069b0_0;
    %parti/s 1, 8, 5;
    %xor;
    %load/vec4 v00000000010069b0_0;
    %parti/s 1, 9, 5;
    %xor;
    %load/vec4 v00000000010069b0_0;
    %parti/s 1, 11, 5;
    %xor;
    %load/vec4 v00000000010069b0_0;
    %parti/s 1, 15, 5;
    %xor;
    %load/vec4 v00000000010069b0_0;
    %parti/s 1, 23, 6;
    %xor;
    %load/vec4 v00000000010069b0_0;
    %parti/s 1, 24, 6;
    %xor;
    %load/vec4 v00000000010069b0_0;
    %parti/s 1, 25, 6;
    %xor;
    %load/vec4 v00000000010069b0_0;
    %parti/s 1, 27, 6;
    %xor;
    %load/vec4 v00000000010069b0_0;
    %parti/s 1, 28, 6;
    %xor;
    %load/vec4 v00000000010069b0_0;
    %parti/s 1, 29, 6;
    %xor;
    %load/vec4 v00000000010069b0_0;
    %parti/s 1, 30, 6;
    %xor;
    %load/vec4 v00000000010069b0_0;
    %parti/s 1, 31, 6;
    %xor;
    %ix/load 4, 31, 0;
    %ix/load 5, 0, 0;
    %flag_set/imm 4, 0;
    %assign/vec4/off/d v0000000000026b40_0, 4, 5;
T_0.2 ;
T_0.1 ;
    %jmp T_0;
    .thread T_0;
    .scope S_0000000001006690;
T_1 ;
    %vpi_call 2 52 "$readmemh", "data.txt", v00000000010bb4b0 {0 0 0};
    %pushi/vec4 0, 0, 32;
    %store/vec4 v00000000010bba00_0, 0, 32;
T_1.0 ;
    %load/vec4 v00000000010bba00_0;
    %cmpi/s 7, 0, 32;
    %flag_or 5, 4;
    %jmp/0xz T_1.1, 5;
    %vpi_call 2 54 "$display", "data[%1d] = 0x%08x", v00000000010bba00_0, &A<v00000000010bb4b0, v00000000010bba00_0 > {0 0 0};
    %load/vec4 v00000000010bba00_0;
    %addi 1, 0, 32;
    %store/vec4 v00000000010bba00_0, 0, 32;
    %jmp T_1.0;
T_1.1 ;
    %end;
    .thread T_1;
    .scope S_0000000001006690;
T_2 ;
    %wait E_00000000010d8a10;
    %load/vec4 v00000000010bc4a0_0;
    %nor/r;
    %flag_set/vec4 8;
    %jmp/0xz  T_2.0, 8;
    %pushi/vec4 0, 0, 2;
    %assign/vec4 v00000000010bb370_0, 0;
    %pushi/vec4 0, 0, 1;
    %assign/vec4 v00000000010bbd20_0, 0;
    %pushi/vec4 0, 0, 32;
    %assign/vec4 v00000000010bba00_0, 0;
    %jmp T_2.1;
T_2.0 ;
    %load/vec4 v00000000010bba00_0;
    %cmpi/s 8, 0, 32;
    %jmp/0xz  T_2.2, 5;
    %pushi/vec4 1, 0, 2;
    %assign/vec4 v00000000010bb370_0, 0;
    %pushi/vec4 1, 0, 1;
    %assign/vec4 v00000000010bbd20_0, 0;
    %ix/getv/s 4, v00000000010bba00_0;
    %load/vec4a v00000000010bb4b0, 4;
    %assign/vec4 v00000000010bbaa0_0, 0;
    %load/vec4 v00000000010bba00_0;
    %addi 1, 0, 32;
    %assign/vec4 v00000000010bba00_0, 0;
    %jmp T_2.3;
T_2.2 ;
    %pushi/vec4 0, 0, 1;
    %assign/vec4 v00000000010bbd20_0, 0;
    %load/vec4 v00000000010bc180_0;
    %cmpi/e 0, 0, 32;
    %flag_mov 8, 4;
    %jmp/0 T_2.4, 8;
    %pushi/vec4 2, 0, 2;
    %jmp/1 T_2.5, 8;
T_2.4 ; End of true expr.
    %pushi/vec4 3, 0, 2;
    %jmp/0 T_2.5, 8;
 ; End of false expr.
    %blend;
T_2.5;
    %assign/vec4 v00000000010bb370_0, 0;
T_2.3 ;
T_2.1 ;
    %jmp T_2;
    .thread T_2;
    .scope S_0000000001006d20;
T_3 ;
    %vpi_call 2 10 "$dumpfile", "wave.vcd" {0 0 0};
    %vpi_call 2 11 "$dumpvars", 32'sb00000000000000000000000000000000, S_0000000001006d20 {0 0 0};
    %pushi/vec4 0, 0, 1;
    %store/vec4 v00000000010bc220_0, 0, 1;
T_3.0 ;
    %delay 50000, 0;
    %load/vec4 v00000000010bc220_0;
    %inv;
    %store/vec4 v00000000010bc220_0, 0, 1;
    %jmp T_3.0;
    %end;
    .thread T_3;
    .scope S_0000000001006d20;
T_4 ;
    %pushi/vec4 0, 0, 1;
    %store/vec4 v00000000010bbdc0_0, 0, 1;
    %delay 220000, 0;
    %pushi/vec4 1, 0, 1;
    %store/vec4 v00000000010bbdc0_0, 0, 1;
    %delay 2000000, 0;
    %vpi_call 2 22 "$finish" {0 0 0};
    %end;
    .thread T_4;
# The file index is used to find the file name in the following table.
:file_names 3;
    "N/A";
    "<interactive>";
    "test.v";
